Vps 4 4 0 6 999 210
  -2.7272e-01   -1.2395e-01    0.0000e+00    0.0000e+00 1 1 0 0 0 
   7.4677e+00   -2.7272e-01    0.0000e+00    0.0000e+00 1 0 1 0 0 
   0.0000e+00    0.0000e+00    1.4751e-01   -1.9590e-01 1 0 0 1 0 
   0.0000e+00    0.0000e+00    4.9935e+00    1.4751e-01 1 0 0 0 1 
  -7.4042e+00    4.3381e-01    0.0000e+00    0.0000e+00 2 2 0 0 0 
   3.9290e+01    8.9087e+00    0.0000e+00    0.0000e+00 2 1 1 0 0 
   0.0000e+00    0.0000e+00    3.3335e+01    2.0350e+00 2 1 0 1 0 
   0.0000e+00    0.0000e+00    3.3042e-01    3.5115e+01 2 1 0 0 1 
   2.0172e+02   -4.9935e+01    0.0000e+00    0.0000e+00 2 0 2 0 0 
   0.0000e+00    0.0000e+00    3.5665e+02    2.0896e+01 2 0 1 1 0 
   0.0000e+00    0.0000e+00    3.3927e+00    3.4620e+02 2 0 1 0 1 
   3.5452e+01    3.5897e+00    0.0000e+00    0.0000e+00 2 0 0 2 0 
   5.3273e+01    4.9819e+00    0.0000e+00    0.0000e+00 2 0 0 1 1 
   8.9020e+02    8.3203e+01    0.0000e+00    0.0000e+00 2 0 0 0 2 
  -2.2154e+03    7.3639e+01    0.0000e+00    0.0000e+00 3 3 0 0 0 
  -6.0268e+03   -2.7509e+03    0.0000e+00    0.0000e+00 3 2 1 0 0 
   0.0000e+00    0.0000e+00   -6.4256e+03    1.0990e+02 3 2 0 1 0 
   0.0000e+00    0.0000e+00    3.4158e+03   -2.3213e+03 3 2 0 0 1 
  -1.7942e+05    1.8740e+03    0.0000e+00    0.0000e+00 3 1 2 0 0 
   0.0000e+00    0.0000e+00    3.8626e+03   -2.6559e+03 3 1 1 1 0 
   0.0000e+00    0.0000e+00   -2.0980e+05    2.1823e+04 3 1 1 0 1 
  -8.5592e+03    3.5847e+02    0.0000e+00    0.0000e+00 3 1 0 2 0 
   7.4026e+03   -3.7613e+03    0.0000e+00    0.0000e+00 3 1 0 1 1 
  -5.5005e+04    1.2001e+04    0.0000e+00    0.0000e+00 3 1 0 0 2 
  -3.7411e+05   -1.3652e+05    0.0000e+00    0.0000e+00 3 0 3 0 0 
   0.0000e+00    0.0000e+00   -8.5352e+04    2.3485e+03 3 0 2 1 0 
   0.0000e+00    0.0000e+00   -2.5557e+05   -3.3228e+05 3 0 2 0 1 
  -3.0492e+03   -2.7494e+03    0.0000e+00    0.0000e+00 3 0 1 2 0 
  -2.0973e+05   -3.3342e+03    0.0000e+00    0.0000e+00 3 0 1 1 1 
   8.1635e+04   -2.3652e+05    0.0000e+00    0.0000e+00 3 0 1 0 2 
   0.0000e+00    0.0000e+00    6.8944e+03    2.3095e+02 3 0 0 3 0 
   0.0000e+00    0.0000e+00   -3.1354e+03    7.1331e+03 3 0 0 2 1 
   0.0000e+00    0.0000e+00    1.8142e+05    6.9928e+03 3 0 0 1 2 
   0.0000e+00    0.0000e+00   -1.1771e+05    1.7476e+05 3 0 0 0 3 
   1.0850e+05   -6.8789e+03    0.0000e+00    0.0000e+00 4 4 0 0 0 
  -5.7977e+05   -2.4439e+04    0.0000e+00    0.0000e+00 4 3 1 0 0 
   0.0000e+00    0.0000e+00    1.3310e+05   -4.3579e+04 4 3 0 1 0 
   0.0000e+00    0.0000e+00    3.5800e+05    1.7822e+04 4 3 0 0 1 
  -6.2702e+06    6.4592e+05    0.0000e+00    0.0000e+00 4 2 2 0 0 
   0.0000e+00    0.0000e+00    1.2666e+06   -2.0037e+05 4 2 1 1 0 
   0.0000e+00    0.0000e+00    2.9794e+06    4.2165e+05 4 2 1 0 1 
   4.5107e+05   -4.2166e+04    0.0000e+00    0.0000e+00 4 2 0 2 0 
  -1.4368e+06    8.6306e+03    0.0000e+00    0.0000e+00 4 2 0 1 1 
   7.1251e+06    3.5262e+04    0.0000e+00    0.0000e+00 4 2 0 0 2 
  -4.4188e+07   -1.2863e+07    0.0000e+00    0.0000e+00 4 1 3 0 0 
   0.0000e+00    0.0000e+00   -1.5181e+07    9.8930e+04 4 1 2 1 0 
   0.0000e+00    0.0000e+00    2.5954e+07   -1.5661e+07 4 1 2 0 1 
   6.6070e+05   -9.0459e+04    0.0000e+00    0.0000e+00 4 1 1 2 0 
   3.7051e+06   -2.7224e+05    0.0000e+00    0.0000e+00 4 1 1 1 1 
  -6.6330e+07   -1.5009e+06    0.0000e+00    0.0000e+00 4 1 1 0 2 
   0.0000e+00    0.0000e+00    6.4642e+04    2.7862e+04 4 1 0 3 0 
   0.0000e+00    0.0000e+00   -7.3587e+05    4.0882e+04 4 1 0 2 1 
   0.0000e+00    0.0000e+00    5.4269e+06    2.1339e+06 4 1 0 1 2 
   0.0000e+00    0.0000e+00   -4.5064e+07    4.5654e+06 4 1 0 0 3 
  -1.7038e+08    3.1813e+07    0.0000e+00    0.0000e+00 4 0 4 0 0 
   0.0000e+00    0.0000e+00    3.4242e+07   -2.0201e+07 4 0 3 1 0 
   0.0000e+00    0.0000e+00    1.2525e+08    8.3140e+07 4 0 3 0 1 
  -1.0512e+07    9.2811e+04    0.0000e+00    0.0000e+00 4 0 2 2 0 
   4.5613e+07   -2.0336e+07    0.0000e+00    0.0000e+00 4 0 2 1 1 
   2.5489e+08    5.1589e+07    0.0000e+00    0.0000e+00 4 0 2 0 2 
   0.0000e+00    0.0000e+00    1.1516e+06    6.3145e+05 4 0 1 3 0 
   0.0000e+00    0.0000e+00   -1.1761e+07   -3.0956e+05 4 0 1 2 1 
   0.0000e+00    0.0000e+00    7.0357e+07    1.2076e+07 4 0 1 1 2 
   0.0000e+00    0.0000e+00   -2.8613e+08    3.5951e+07 4 0 1 0 3 
   2.5150e+05    1.8887e+03    0.0000e+00    0.0000e+00 4 0 0 4 0 
  -3.2839e+05    4.4463e+04    0.0000e+00    0.0000e+00 4 0 0 3 1 
   8.3273e+06   -4.2778e+05    0.0000e+00    0.0000e+00 4 0 0 2 2 
  -6.7847e+06    1.1751e+05    0.0000e+00    0.0000e+00 4 0 0 1 3 
   6.5500e+07   -1.3674e+07    0.0000e+00    0.0000e+00 4 0 0 0 4 
  -6.5389e+06    9.1154e+05    0.0000e+00    0.0000e+00 5 5 0 0 0 
  -1.7482e+07   -6.8193e+06    0.0000e+00    0.0000e+00 5 4 1 0 0 
   0.0000e+00    0.0000e+00    6.2091e+06    3.2711e+06 5 4 0 1 0 
   0.0000e+00    0.0000e+00   -1.6375e+07   -3.1742e+06 5 4 0 0 1 
  -7.6078e+08    7.2665e+07    0.0000e+00    0.0000e+00 5 3 2 0 0 
   0.0000e+00    0.0000e+00   -6.1247e+07    1.3744e+07 5 3 1 1 0 
   0.0000e+00    0.0000e+00    4.2387e+08    9.5248e+07 5 3 1 0 1 
   6.5501e+06    5.1793e+06    0.0000e+00    0.0000e+00 5 3 0 2 0 
  -7.6130e+07    4.2216e+04    0.0000e+00    0.0000e+00 5 3 0 1 1 
  -1.0424e+08    4.6955e+07    0.0000e+00    0.0000e+00 5 3 0 0 2 
  -6.4452e+09   -1.2921e+09    0.0000e+00    0.0000e+00 5 2 3 0 0 
   0.0000e+00    0.0000e+00   -3.5401e+08    1.0772e+08 5 2 2 1 0 
   0.0000e+00    0.0000e+00   -3.4524e+09   -2.2557e+08 5 2 2 0 1 
  -7.0348e+07    2.0728e+07    0.0000e+00    0.0000e+00 5 2 1 2 0 
   8.7697e+08    1.5031e+08    0.0000e+00    0.0000e+00 5 2 1 1 1 
  -3.3792e+09    1.4002e+08    0.0000e+00    0.0000e+00 5 2 1 0 2 
   0.0000e+00    0.0000e+00    1.0792e+07   -1.5551e+06 5 2 0 3 0 
   0.0000e+00    0.0000e+00   -9.6693e+07   -1.2864e+07 5 2 0 2 1 
   0.0000e+00    0.0000e+00    5.1558e+08   -2.6258e+08 5 2 0 1 2 
   0.0000e+00    0.0000e+00    3.2861e+09    2.0986e+08 5 2 0 0 3 
  -3.3259e+10    3.9411e+09    0.0000e+00    0.0000e+00 5 1 4 0 0 
   0.0000e+00    0.0000e+00    9.5720e+08   -5.5182e+08 5 1 3 1 0 
   0.0000e+00    0.0000e+00    3.4629e+10    8.8767e+09 5 1 3 0 1 
   1.1470e+08    1.3008e+08    0.0000e+00    0.0000e+00 5 1 2 2 0 
  -1.5695e+10    4.8457e+08    0.0000e+00    0.0000e+00 5 1 2 1 1 
   1.6756e+10    2.1968e+09    0.0000e+00    0.0000e+00 5 1 2 0 2 
   0.0000e+00    0.0000e+00    3.6334e+07    6.4194e+07 5 1 1 3 0 
   0.0000e+00    0.0000e+00   -1.1130e+09    5.0939e+08 5 1 1 2 1 
   0.0000e+00    0.0000e+00   -1.9505e+10    6.5890e+08 5 1 1 1 2 
   0.0000e+00    0.0000e+00   -1.0900e+10   -1.0495e+10 5 1 1 0 3 
   7.6645e+06   -3.2392e+05    0.0000e+00    0.0000e+00 5 1 0 4 0 
   2.6590e+08    1.4550e+07    0.0000e+00    0.0000e+00 5 1 0 3 1 
  -2.2465e+08    1.0335e+08    0.0000e+00    0.0000e+00 5 1 0 2 2 
   6.3833e+09    3.2083e+08    0.0000e+00    0.0000e+00 5 1 0 1 3 
  -9.1988e+09    2.0638e+09    0.0000e+00    0.0000e+00 5 1 0 0 4 
  -1.6776e+11   -2.0586e+10    0.0000e+00    0.0000e+00 5 0 5 0 0 
   0.0000e+00    0.0000e+00   -8.2861e+09    5.8287e+09 5 0 4 1 0 
   0.0000e+00    0.0000e+00   -2.1653e+11    3.2739e+10 5 0 4 0 1 
  -2.2783e+09   -3.6053e+08    0.0000e+00    0.0000e+00 5 0 3 2 0 
   3.7938e+10    1.1545e+10    0.0000e+00    0.0000e+00 5 0 3 1 1 
  -4.7705e+11    4.0535e+10    0.0000e+00    0.0000e+00 5 0 3 0 2 
   0.0000e+00    0.0000e+00    9.3779e+07   -3.3358e+08 5 0 2 3 0 
   0.0000e+00    0.0000e+00    1.9563e+10    7.9904e+08 5 0 2 2 1 
   0.0000e+00    0.0000e+00   -1.9010e+10    1.6377e+10 5 0 2 1 2 
   0.0000e+00    0.0000e+00   -7.8971e+10    1.3976e+10 5 0 2 0 3 
  -2.7473e+08    3.7412e+06    0.0000e+00    0.0000e+00 5 0 1 4 0 
   5.2879e+08   -2.8608e+08    0.0000e+00    0.0000e+00 5 0 1 3 1 
  -2.6071e+09    3.8680e+08    0.0000e+00    0.0000e+00 5 0 1 2 2 
   1.8965e+10   -7.0171e+09    0.0000e+00    0.0000e+00 5 0 1 1 3 
   8.6334e+10    1.5660e+10    0.0000e+00    0.0000e+00 5 0 1 0 4 
   0.0000e+00    0.0000e+00   -4.2243e+05    5.4682e+06 5 0 0 5 0 
   0.0000e+00    0.0000e+00   -1.2332e+08    7.9281e+06 5 0 0 4 1 
   0.0000e+00    0.0000e+00    3.9947e+08    2.4073e+08 5 0 0 3 2 
   0.0000e+00    0.0000e+00   -6.2169e+09    3.9073e+08 5 0 0 2 3 
   0.0000e+00    0.0000e+00    4.8108e+09    2.7131e+09 5 0 0 1 4 
   0.0000e+00    0.0000e+00   -8.0356e+10   -6.5359e+08 5 0 0 0 5 
   2.5914e+08   -3.7584e+07    0.0000e+00    0.0000e+00 6 6 0 0 0 
   5.7330e+08   -3.3860e+08    0.0000e+00    0.0000e+00 6 5 1 0 0 
   0.0000e+00    0.0000e+00   -7.1297e+08   -2.9898e+07 6 5 0 1 0 
   0.0000e+00    0.0000e+00    8.8476e+08   -3.2509e+08 6 5 0 0 1 
   4.7486e+09    2.4830e+09    0.0000e+00    0.0000e+00 6 4 2 0 0 
   0.0000e+00    0.0000e+00   -8.2338e+07   -1.5631e+09 6 4 1 1 0 
   0.0000e+00    0.0000e+00    3.5814e+09    3.4634e+09 6 4 1 0 1 
   9.8094e+08   -2.0602e+08    0.0000e+00    0.0000e+00 6 4 0 2 0 
   8.7682e+09   -7.1190e+08    0.0000e+00    0.0000e+00 6 4 0 1 1 
   1.5226e+10   -1.9478e+09    0.0000e+00    0.0000e+00 6 4 0 0 2 
  -2.0194e+11   -7.8728e+10    0.0000e+00    0.0000e+00 6 3 3 0 0 
   0.0000e+00    0.0000e+00    3.9727e+10    7.6650e+09 6 3 2 1 0 
   0.0000e+00    0.0000e+00   -8.4888e+10   -8.1046e+10 6 3 2 0 1 
   4.2923e+09   -1.0412e+09    0.0000e+00    0.0000e+00 6 3 1 2 0 
   8.4575e+09   -4.6831e+07    0.0000e+00    0.0000e+00 6 3 1 1 1 
   4.3125e+11   -1.7589e+10    0.0000e+00    0.0000e+00 6 3 1 0 2 
   0.0000e+00    0.0000e+00   -1.8810e+09   -8.5337e+07 6 3 0 3 0 
   0.0000e+00    0.0000e+00    4.3475e+09   -2.6860e+09 6 3 0 2 1 
   0.0000e+00    0.0000e+00    4.5515e+10    2.1195e+09 6 3 0 1 2 
   0.0000e+00    0.0000e+00   -1.9694e+10    4.6005e+10 6 3 0 0 3 
  -3.0361e+12    3.4399e+11    0.0000e+00    0.0000e+00 6 2 4 0 0 
   0.0000e+00    0.0000e+00   -1.7963e+11   -6.9693e+10 6 2 3 1 0 
   0.0000e+00    0.0000e+00    4.2218e+12    6.7153e+11 6 2 3 0 1 
   2.0379e+11    8.5739e+09    0.0000e+00    0.0000e+00 6 2 2 2 0 
  -3.6949e+11   -1.0135e+11    0.0000e+00    0.0000e+00 6 2 2 1 1 
   1.2369e+12   -5.1453e+10    0.0000e+00    0.0000e+00 6 2 2 0 2 
   0.0000e+00    0.0000e+00   -1.0146e+10   -6.0521e+08 6 2 1 3 0 
   0.0000e+00    0.0000e+00   -1.3839e+11   -2.8032e+10 6 2 1 2 1 
   0.0000e+00    0.0000e+00    7.7725e+11   -2.3341e+11 6 2 1 1 2 
   0.0000e+00    0.0000e+00   -1.9430e+11    5.1535e+10 6 2 1 0 3 
  -3.4323e+09   -2.0273e+08    0.0000e+00    0.0000e+00 6 2 0 4 0 
   9.1467e+09    7.6706e+08    0.0000e+00    0.0000e+00 6 2 0 3 1 
  -4.4776e+10   -7.4869e+09    0.0000e+00    0.0000e+00 6 2 0 2 2 
   2.7320e+11    4.4920e+10    0.0000e+00    0.0000e+00 6 2 0 1 3 
   1.0475e+12   -6.3799e+10    0.0000e+00    0.0000e+00 6 2 0 0 4 
  -1.7051e+13   -3.2418e+12    0.0000e+00    0.0000e+00 6 1 5 0 0 
   0.0000e+00    0.0000e+00    1.4466e+12    5.2768e+11 6 1 4 1 0 
   0.0000e+00    0.0000e+00   -2.4905e+13   -1.5058e+12 6 1 4 0 1 
  -1.5576e+11    6.4259e+10    0.0000e+00    0.0000e+00 6 1 3 2 0 
   5.2672e+12    3.9465e+11    0.0000e+00    0.0000e+00 6 1 3 1 1 
   4.4302e+12    3.3751e+11    0.0000e+00    0.0000e+00 6 1 3 0 2 
   0.0000e+00    0.0000e+00   -5.3529e+10    9.6778e+09 6 1 2 3 0 
   0.0000e+00    0.0000e+00   -2.5379e+12   -1.7630e+11 6 1 2 2 1 
   0.0000e+00    0.0000e+00    4.3110e+12   -3.0563e+12 6 1 2 1 2 
   0.0000e+00    0.0000e+00    2.4810e+13   -3.2890e+11 6 1 2 0 3 
   1.3083e+10   -1.5972e+09    0.0000e+00    0.0000e+00 6 1 1 4 0 
  -2.8220e+11    4.0563e+08    0.0000e+00    0.0000e+00 6 1 1 3 1 
   3.9721e+11   -9.2912e+10    0.0000e+00    0.0000e+00 6 1 1 2 2 
  -8.6062e+12   -6.3829e+10    0.0000e+00    0.0000e+00 6 1 1 1 3 
   9.9391e+12    6.9943e+11    0.0000e+00    0.0000e+00 6 1 1 0 4 
   0.0000e+00    0.0000e+00   -1.6544e+09   -3.0838e+07 6 1 0 5 0 
   0.0000e+00    0.0000e+00    8.5835e+09    2.4202e+09 6 1 0 4 1 
   0.0000e+00    0.0000e+00   -1.7176e+11    1.5126e+10 6 1 0 3 2 
   0.0000e+00    0.0000e+00   -2.3220e+11    1.2932e+09 6 1 0 2 3 
   0.0000e+00    0.0000e+00   -3.0499e+12    1.7553e+11 6 1 0 1 4 
   0.0000e+00    0.0000e+00   -7.1250e+12   -1.5525e+12 6 1 0 0 5 
  -2.2034e+13   -1.6054e+11    0.0000e+00    0.0000e+00 6 0 6 0 0 
   0.0000e+00    0.0000e+00   -5.8154e+12    1.1848e+12 6 0 5 1 0 
   0.0000e+00    0.0000e+00    9.2624e+13   -5.1060e+12 6 0 5 0 1 
   2.0574e+12    4.1644e+11    0.0000e+00    0.0000e+00 6 0 4 2 0 
  -4.0550e+13    3.2766e+12    0.0000e+00    0.0000e+00 6 0 4 1 1 
  -1.9361e+13   -2.1113e+13    0.0000e+00    0.0000e+00 6 0 4 0 2 
   0.0000e+00    0.0000e+00    1.3862e+12    1.1268e+11 6 0 3 3 0 
   0.0000e+00    0.0000e+00   -8.2045e+12    3.0856e+12 6 0 3 2 1 
   0.0000e+00    0.0000e+00   -6.9848e+13   -4.7158e+12 6 0 3 1 2 
   0.0000e+00    0.0000e+00    5.8550e+13   -3.4129e+13 6 0 3 0 3 
   4.4638e+10   -1.6425e+10    0.0000e+00    0.0000e+00 6 0 2 4 0 
   9.5510e+11    4.9299e+10    0.0000e+00    0.0000e+00 6 0 2 3 1 
  -1.9494e+11   -8.2261e+10    0.0000e+00    0.0000e+00 6 0 2 2 2 
   1.4229e+13    1.3511e+12    0.0000e+00    0.0000e+00 6 0 2 1 3 
  -1.0576e+14    4.7623e+12    0.0000e+00    0.0000e+00 6 0 2 0 4 
   0.0000e+00    0.0000e+00   -1.4444e+10   -1.0706e+08 6 0 1 5 0 
   0.0000e+00    0.0000e+00    4.8502e+10   -2.8686e+10 6 0 1 4 1 
   0.0000e+00    0.0000e+00    8.8182e+10    1.9555e+11 6 0 1 3 2 
   0.0000e+00    0.0000e+00   -3.2851e+12   -5.1632e+11 6 0 1 2 3 
   0.0000e+00    0.0000e+00    3.2883e+12    3.9577e+12 6 0 1 1 4 
   0.0000e+00    0.0000e+00   -8.7932e+13   -4.0655e+12 6 0 1 0 5 
  -4.9513e+08   -1.6285e+06    0.0000e+00    0.0000e+00 6 0 0 6 0 
  -8.8301e+09   -1.2036e+09    0.0000e+00    0.0000e+00 6 0 0 5 1 
   5.8920e+09   -3.8129e+09    0.0000e+00    0.0000e+00 6 0 0 4 2 
  -3.5529e+11   -5.6270e+10    0.0000e+00    0.0000e+00 6 0 0 3 3 
   6.3266e+11   -1.6980e+11    0.0000e+00    0.0000e+00 6 0 0 2 4 
  -3.2770e+12   -6.3658e+11    0.0000e+00    0.0000e+00 6 0 0 1 5 
   5.7353e+12   -1.3942e+12    0.0000e+00    0.0000e+00 6 0 0 0 6 
  0.0000e+00   0.0000e+00   0.0000e+00   0.0000e+00 -1 -1 -1 -1 -1 -1 -1 

