\BOOKMARK [1][-]{section.1}{Introduction}{}% 1
\BOOKMARK [1][-]{section.2}{Supported EZCA Calls}{}% 2
\BOOKMARK [2][-]{subsection.2.1}{Common Arguments and Return Values}{section.2}% 3
\BOOKMARK [3][-]{subsubsection.2.1.1}{PV Argument}{subsection.2.1}% 4
\BOOKMARK [3][-]{subsubsection.2.1.2}{Timestamp Format}{subsection.2.1}% 5
\BOOKMARK [2][-]{subsection.2.2}{Error Handling}{section.2}% 6
\BOOKMARK [2][-]{subsection.2.3}{lcaGet}{section.2}% 7
\BOOKMARK [3][-]{subsubsection.2.3.1}{Calling Sequence}{subsection.2.3}% 8
\BOOKMARK [3][-]{subsubsection.2.3.2}{Description}{subsection.2.3}% 9
\BOOKMARK [3][-]{subsubsection.2.3.3}{Parameters}{subsection.2.3}% 10
\BOOKMARK [3][-]{subsubsection.2.3.4}{Examples}{subsection.2.3}% 11
\BOOKMARK [2][-]{subsection.2.4}{lcaPut}{section.2}% 12
\BOOKMARK [3][-]{subsubsection.2.4.1}{Calling Sequence}{subsection.2.4}% 13
\BOOKMARK [3][-]{subsubsection.2.4.2}{Description}{subsection.2.4}% 14
\BOOKMARK [3][-]{subsubsection.2.4.3}{Parameters}{subsection.2.4}% 15
\BOOKMARK [3][-]{subsubsection.2.4.4}{Examples}{subsection.2.4}% 16
\BOOKMARK [2][-]{subsection.2.5}{lcaPutNoWait}{section.2}% 17
\BOOKMARK [3][-]{subsubsection.2.5.1}{Calling Sequence}{subsection.2.5}% 18
\BOOKMARK [3][-]{subsubsection.2.5.2}{Description}{subsection.2.5}% 19
\BOOKMARK [3][-]{subsubsection.2.5.3}{Parameters}{subsection.2.5}% 20
\BOOKMARK [2][-]{subsection.2.6}{lcaGetNelem}{section.2}% 21
\BOOKMARK [3][-]{subsubsection.2.6.1}{Calling Sequence}{subsection.2.6}% 22
\BOOKMARK [3][-]{subsubsection.2.6.2}{Description}{subsection.2.6}% 23
\BOOKMARK [3][-]{subsubsection.2.6.3}{Parameters}{subsection.2.6}% 24
\BOOKMARK [2][-]{subsection.2.7}{lcaSetMonitor}{section.2}% 25
\BOOKMARK [3][-]{subsubsection.2.7.1}{Calling Sequence}{subsection.2.7}% 26
\BOOKMARK [3][-]{subsubsection.2.7.2}{Description}{subsection.2.7}% 27
\BOOKMARK [3][-]{subsubsection.2.7.3}{Parameters}{subsection.2.7}% 28
\BOOKMARK [3][-]{subsubsection.2.7.4}{Examples}{subsection.2.7}% 29
\BOOKMARK [2][-]{subsection.2.8}{lcaNewMonitorWait}{section.2}% 30
\BOOKMARK [3][-]{subsubsection.2.8.1}{Calling Sequence}{subsection.2.8}% 31
\BOOKMARK [3][-]{subsubsection.2.8.2}{Description}{subsection.2.8}% 32
\BOOKMARK [3][-]{subsubsection.2.8.3}{Parameters}{subsection.2.8}% 33
\BOOKMARK [3][-]{subsubsection.2.8.4}{Examples}{subsection.2.8}% 34
\BOOKMARK [2][-]{subsection.2.9}{lcaNewMonitorValue}{section.2}% 35
\BOOKMARK [3][-]{subsubsection.2.9.1}{Calling Sequence}{subsection.2.9}% 36
\BOOKMARK [3][-]{subsubsection.2.9.2}{Description}{subsection.2.9}% 37
\BOOKMARK [3][-]{subsubsection.2.9.3}{Parameters}{subsection.2.9}% 38
\BOOKMARK [3][-]{subsubsection.2.9.4}{Examples}{subsection.2.9}% 39
\BOOKMARK [2][-]{subsection.2.10}{lcaClear}{section.2}% 40
\BOOKMARK [3][-]{subsubsection.2.10.1}{Calling Sequence}{subsection.2.10}% 41
\BOOKMARK [3][-]{subsubsection.2.10.2}{Description}{subsection.2.10}% 42
\BOOKMARK [3][-]{subsubsection.2.10.3}{Parameters}{subsection.2.10}% 43
\BOOKMARK [3][-]{subsubsection.2.10.4}{Examples}{subsection.2.10}% 44
\BOOKMARK [2][-]{subsection.2.11}{lcaLastError}{section.2}% 45
\BOOKMARK [3][-]{subsubsection.2.11.1}{Calling Sequence}{subsection.2.11}% 46
\BOOKMARK [3][-]{subsubsection.2.11.2}{Description}{subsection.2.11}% 47
\BOOKMARK [3][-]{subsubsection.2.11.3}{Parameters}{subsection.2.11}% 48
\BOOKMARK [3][-]{subsubsection.2.11.4}{Examples}{subsection.2.11}% 49
\BOOKMARK [2][-]{subsection.2.12}{lcaGetControlLimits}{section.2}% 50
\BOOKMARK [3][-]{subsubsection.2.12.1}{Calling Sequence}{subsection.2.12}% 51
\BOOKMARK [3][-]{subsubsection.2.12.2}{Description}{subsection.2.12}% 52
\BOOKMARK [3][-]{subsubsection.2.12.3}{Parameters}{subsection.2.12}% 53
\BOOKMARK [2][-]{subsection.2.13}{lcaGetGraphicLimits}{section.2}% 54
\BOOKMARK [3][-]{subsubsection.2.13.1}{Calling Sequence}{subsection.2.13}% 55
\BOOKMARK [3][-]{subsubsection.2.13.2}{Description}{subsection.2.13}% 56
\BOOKMARK [3][-]{subsubsection.2.13.3}{Parameters}{subsection.2.13}% 57
\BOOKMARK [2][-]{subsection.2.14}{lcaGetWarnLimits}{section.2}% 58
\BOOKMARK [3][-]{subsubsection.2.14.1}{Calling Sequence}{subsection.2.14}% 59
\BOOKMARK [3][-]{subsubsection.2.14.2}{Description}{subsection.2.14}% 60
\BOOKMARK [3][-]{subsubsection.2.14.3}{Parameters}{subsection.2.14}% 61
\BOOKMARK [2][-]{subsection.2.15}{lcaGetAlarmLimits}{section.2}% 62
\BOOKMARK [3][-]{subsubsection.2.15.1}{Calling Sequence}{subsection.2.15}% 63
\BOOKMARK [3][-]{subsubsection.2.15.2}{Description}{subsection.2.15}% 64
\BOOKMARK [3][-]{subsubsection.2.15.3}{Parameters}{subsection.2.15}% 65
\BOOKMARK [2][-]{subsection.2.16}{lcaGetStatus}{section.2}% 66
\BOOKMARK [3][-]{subsubsection.2.16.1}{Calling Sequence}{subsection.2.16}% 67
\BOOKMARK [3][-]{subsubsection.2.16.2}{Description}{subsection.2.16}% 68
\BOOKMARK [3][-]{subsubsection.2.16.3}{Parameters}{subsection.2.16}% 69
\BOOKMARK [2][-]{subsection.2.17}{lcaGetPrecision}{section.2}% 70
\BOOKMARK [3][-]{subsubsection.2.17.1}{Calling Sequence}{subsection.2.17}% 71
\BOOKMARK [3][-]{subsubsection.2.17.2}{Description}{subsection.2.17}% 72
\BOOKMARK [3][-]{subsubsection.2.17.3}{Parameters}{subsection.2.17}% 73
\BOOKMARK [2][-]{subsection.2.18}{lcaGetUnits}{section.2}% 74
\BOOKMARK [3][-]{subsubsection.2.18.1}{Calling Sequence}{subsection.2.18}% 75
\BOOKMARK [3][-]{subsubsection.2.18.2}{Description}{subsection.2.18}% 76
\BOOKMARK [3][-]{subsubsection.2.18.3}{Parameters}{subsection.2.18}% 77
\BOOKMARK [2][-]{subsection.2.19}{lcaGetEnumStrings}{section.2}% 78
\BOOKMARK [3][-]{subsubsection.2.19.1}{Calling Sequence}{subsection.2.19}% 79
\BOOKMARK [3][-]{subsubsection.2.19.2}{Description}{subsection.2.19}% 80
\BOOKMARK [3][-]{subsubsection.2.19.3}{Parameters}{subsection.2.19}% 81
\BOOKMARK [2][-]{subsection.2.20}{lcaGetRetryCount, lcaSetRetryCount}{section.2}% 82
\BOOKMARK [3][-]{subsubsection.2.20.1}{Calling Sequence}{subsection.2.20}% 83
\BOOKMARK [3][-]{subsubsection.2.20.2}{Description}{subsection.2.20}% 84
\BOOKMARK [2][-]{subsection.2.21}{lcaGetTimeout, lcaSetTimeout}{section.2}% 85
\BOOKMARK [3][-]{subsubsection.2.21.1}{Calling Sequence}{subsection.2.21}% 86
\BOOKMARK [3][-]{subsubsection.2.21.2}{Description}{subsection.2.21}% 87
\BOOKMARK [2][-]{subsection.2.22}{lcaDebugOn}{section.2}% 88
\BOOKMARK [3][-]{subsubsection.2.22.1}{Calling Sequence}{subsection.2.22}% 89
\BOOKMARK [3][-]{subsubsection.2.22.2}{Description}{subsection.2.22}% 90
\BOOKMARK [2][-]{subsection.2.23}{lcaDebugOff}{section.2}% 91
\BOOKMARK [3][-]{subsubsection.2.23.1}{Calling Sequence}{subsection.2.23}% 92
\BOOKMARK [3][-]{subsubsection.2.23.2}{Description}{subsection.2.23}% 93
\BOOKMARK [2][-]{subsection.2.24}{lcaSetSeverityWarnLevel}{section.2}% 94
\BOOKMARK [3][-]{subsubsection.2.24.1}{Calling Sequence}{subsection.2.24}% 95
\BOOKMARK [3][-]{subsubsection.2.24.2}{Description}{subsection.2.24}% 96
\BOOKMARK [2][-]{subsection.2.25}{lcaDelay}{section.2}% 97
\BOOKMARK [3][-]{subsubsection.2.25.1}{Calling Sequence}{subsection.2.25}% 98
\BOOKMARK [3][-]{subsubsection.2.25.2}{Description}{subsection.2.25}% 99
\BOOKMARK [3][-]{subsubsection.2.25.3}{Parameters}{subsection.2.25}% 100
\BOOKMARK [1][-]{section.3}{Building and Using labCA}{}% 101
\BOOKMARK [2][-]{subsection.3.1}{Build}{section.3}% 102
\BOOKMARK [3][-]{subsubsection.3.1.1}{Prerequisites}{subsection.3.1}% 103
\BOOKMARK [3][-]{subsubsection.3.1.2}{Configuration}{subsection.3.1}% 104
\BOOKMARK [3][-]{subsubsection.3.1.3}{Building labCA}{subsection.3.1}% 105
\BOOKMARK [2][-]{subsection.3.2}{Using labCA}{section.3}% 106
\BOOKMARK [3][-]{subsubsection.3.2.1}{Using labCA with scilab}{subsection.3.2}% 107
\BOOKMARK [3][-]{subsubsection.3.2.2}{Using labCA with matlab}{subsection.3.2}% 108
