This is pdfeTeX, Version 3.141592-1.21a-2.2 (Web2C 7.5.4) (format=pdflatex 2007.6.18)  13 OCT 2007 20:49
entering extended mode
**manual.tex
(./manual.tex
LaTeX2e <2003/12/01>
Babel <v3.8d> and hyphenation patterns for american, french, german, ngerman, b
ahasa, basque, bulgarian, catalan, croatian, czech, danish, dutch, esperanto, e
stonian, finnish, greek, icelandic, irish, italian, latin, magyar, norsk, polis
h, portuges, romanian, russian, serbian, slovak, slovene, spanish, swedish, tur
kish, ukrainian, nohyphenation, loaded.
(/usr/share/texmf-tetex/tex/latex/base/article.cls
Document Class: article 2004/02/16 v1.4f Standard LaTeX document class
(/usr/share/texmf-tetex/tex/latex/base/size10.clo
File: size10.clo 2004/02/16 v1.4f Standard LaTeX file (size option)
)
\c@part=\count79
\c@section=\count80
\c@subsection=\count81
\c@subsubsection=\count82
\c@paragraph=\count83
\c@subparagraph=\count84
\c@figure=\count85
\c@table=\count86
\abovecaptionskip=\skip41
\belowcaptionskip=\skip42
\bibindent=\dimen102
)
(/usr/share/texmf-tetex/tex/latex/base/textcomp.sty
Package: textcomp 2004/02/22 v1.99f Standard LaTeX package
Package textcomp Info: Sub-encoding information:
(textcomp)               5 = only ISO-Adobe without \textcurrency
(textcomp)               4 = 5 + \texteuro
(textcomp)               3 = 4 + \textohm
(textcomp)               2 = 3 + \textestimated + \textcurrency
(textcomp)               1 = TS1 - \textcircled - \t
(textcomp)               0 = TS1 (full)
(textcomp)             Font families with sub-encoding setting implement
(textcomp)             only a restricted character set as indicated.
(textcomp)             Family '?' is the default used for unknown fonts.
(textcomp)             See the documentation for details.
Package textcomp Info: Setting ? sub-encoding to TS1/1 on input line 71.

(/usr/share/texmf-tetex/tex/latex/base/ts1enc.def
File: ts1enc.def 2001/06/05 v3.0e (jk/car/fm) Standard LaTeX file
)
LaTeX Info: Redefining \oldstylenums on input line 266.
Package textcomp Info: Setting cmr sub-encoding to TS1/0 on input line 281.
Package textcomp Info: Setting cmss sub-encoding to TS1/0 on input line 282.
Package textcomp Info: Setting cmtt sub-encoding to TS1/0 on input line 283.
Package textcomp Info: Setting cmvtt sub-encoding to TS1/0 on input line 284.
Package textcomp Info: Setting cmbr sub-encoding to TS1/0 on input line 285.
Package textcomp Info: Setting cmtl sub-encoding to TS1/0 on input line 286.
Package textcomp Info: Setting ccr sub-encoding to TS1/0 on input line 287.
Package textcomp Info: Setting ptm sub-encoding to TS1/4 on input line 288.
Package textcomp Info: Setting pcr sub-encoding to TS1/4 on input line 289.
Package textcomp Info: Setting phv sub-encoding to TS1/4 on input line 290.
Package textcomp Info: Setting ppl sub-encoding to TS1/3 on input line 291.
Package textcomp Info: Setting pag sub-encoding to TS1/4 on input line 292.
Package textcomp Info: Setting pbk sub-encoding to TS1/4 on input line 293.
Package textcomp Info: Setting pnc sub-encoding to TS1/4 on input line 294.
Package textcomp Info: Setting pzc sub-encoding to TS1/4 on input line 295.
Package textcomp Info: Setting bch sub-encoding to TS1/4 on input line 296.
Package textcomp Info: Setting put sub-encoding to TS1/5 on input line 297.
Package textcomp Info: Setting uag sub-encoding to TS1/5 on input line 298.
Package textcomp Info: Setting ugq sub-encoding to TS1/5 on input line 299.
Package textcomp Info: Setting ul8 sub-encoding to TS1/4 on input line 300.
Package textcomp Info: Setting ul9 sub-encoding to TS1/4 on input line 301.
Package textcomp Info: Setting augie sub-encoding to TS1/5 on input line 302.
Package textcomp Info: Setting dayrom sub-encoding to TS1/3 on input line 303.
Package textcomp Info: Setting dayroms sub-encoding to TS1/3 on input line 304.

Package textcomp Info: Setting pxr sub-encoding to TS1/0 on input line 305.
Package textcomp Info: Setting pxss sub-encoding to TS1/0 on input line 306.
Package textcomp Info: Setting pxtt sub-encoding to TS1/0 on input line 307.
Package textcomp Info: Setting txr sub-encoding to TS1/0 on input line 308.
Package textcomp Info: Setting txss sub-encoding to TS1/0 on input line 309.
Package textcomp Info: Setting txtt sub-encoding to TS1/0 on input line 310.
Package textcomp Info: Setting futs sub-encoding to TS1/4 on input line 311.
Package textcomp Info: Setting futx sub-encoding to TS1/4 on input line 312.
Package textcomp Info: Setting futj sub-encoding to TS1/4 on input line 313.
Package textcomp Info: Setting hlh sub-encoding to TS1/3 on input line 314.
Package textcomp Info: Setting hls sub-encoding to TS1/3 on input line 315.
Package textcomp Info: Setting hlst sub-encoding to TS1/3 on input line 316.
Package textcomp Info: Setting hlct sub-encoding to TS1/5 on input line 317.
Package textcomp Info: Setting hlx sub-encoding to TS1/5 on input line 318.
Package textcomp Info: Setting hlce sub-encoding to TS1/5 on input line 319.
Package textcomp Info: Setting hlcn sub-encoding to TS1/5 on input line 320.
Package textcomp Info: Setting hlcw sub-encoding to TS1/5 on input line 321.
Package textcomp Info: Setting hlcf sub-encoding to TS1/5 on input line 322.
Package textcomp Info: Setting pplx sub-encoding to TS1/3 on input line 323.
Package textcomp Info: Setting pplj sub-encoding to TS1/3 on input line 324.
Package textcomp Info: Setting ptmx sub-encoding to TS1/4 on input line 325.
Package textcomp Info: Setting ptmj sub-encoding to TS1/4 on input line 326.
)
(/usr/share/texmf-tetex/tex/latex/psnfss/bookman.sty
Package: bookman 2004/09/15 PSNFSS-v9.2 (SPQR) 
)
(/usr/share/texmf-tetex/tex/latex/graphics/color.sty
Package: color 1999/02/16 v1.0i Standard LaTeX Color (DPC)

(/usr/share/texmf-tetex/tex/latex/graphics/color.cfg
File: color.cfg 2005/02/03 v1.3 color configuration of teTeX/TeXLive
)
Package color Info: Driver file: pdftex.def on input line 125.

(/usr/share/texmf-tetex/tex/latex/graphics/pdftex.def
File: pdftex.def 2002/06/19 v0.03k graphics/color for pdftex
\Gread@gobject=\count87
))
(/usr/share/texmf-tetex/tex/latex/graphics/graphics.sty
Package: graphics 2001/07/07 v1.0n Standard LaTeX Graphics (DPC,SPQR)

(/usr/share/texmf-tetex/tex/latex/graphics/trig.sty
Package: trig 1999/03/16 v1.09 sin cos tan (DPC)
)
(/usr/share/texmf-tetex/tex/latex/graphics/graphics.cfg
File: graphics.cfg 2005/02/03 v1.3 graphics configuration of teTeX/TeXLive
)
Package graphics Info: Driver file: pdftex.def on input line 80.
)
(/usr/share/texmf/tex/latex/html/html.sty
(/usr/share/texmf-tetex/tex/latex/hyperref/hyperref.sty
Package: hyperref 2003/11/30 v6.74m Hypertext links for LaTeX

(/usr/share/texmf-tetex/tex/latex/graphics/keyval.sty
Package: keyval 1999/03/16 v1.13 key=value parser (DPC)
\KV@toks@=\toks14
)
\@linkdim=\dimen103
\Hy@linkcounter=\count88
\Hy@pagecounter=\count89

(/usr/share/texmf-tetex/tex/latex/hyperref/pd1enc.def
File: pd1enc.def 2003/11/30 v6.74m Hyperref: PDFDocEncoding definition (HO)
)
(/usr/share/texmf-tetex/tex/latex/hyperref/hyperref.cfg
File: hyperref.cfg 2002/06/06 v1.2 hyperref configuration of TeXLive and teTeX
)
Package hyperref Info: Hyper figures OFF on input line 1880.
Package hyperref Info: Link nesting OFF on input line 1885.
Package hyperref Info: Hyper index ON on input line 1888.
Package hyperref Info: Plain pages ON on input line 1893.
Package hyperref Info: Backreferencing OFF on input line 1900.

Implicit mode ON; LaTeX internals redefined
Package hyperref Info: Bookmarks ON on input line 2004.
(/usr/share/texmf-tetex/tex/latex/url/url.sty
\Urlmuskip=\muskip10
Package: url 2004/03/15  ver 3.1  Verb mode for urls, etc.
)
LaTeX Info: Redefining \url on input line 2143.
\Fld@menulength=\count90
\Field@Width=\dimen104
\Fld@charsize=\dimen105
\Choice@toks=\toks15
\Field@toks=\toks16
Package hyperref Info: Hyper figures OFF on input line 2618.
Package hyperref Info: Link nesting OFF on input line 2623.
Package hyperref Info: Hyper index ON on input line 2626.
Package hyperref Info: backreferencing OFF on input line 2633.
Package hyperref Info: Link coloring OFF on input line 2638.
\c@Item=\count91
\c@Hfootnote=\count92
)
*hyperref using driver hpdftex*
(/usr/share/texmf-tetex/tex/latex/hyperref/hpdftex.def
File: hpdftex.def 2003/11/30 v6.74m Hyperref driver for pdfTeX

(/usr/share/texmf-tetex/tex/latex/psnfss/pifont.sty
Package: pifont 2004/09/15 PSNFSS-v9.2 Pi font support (SPQR) 
LaTeX Font Info:    Try loading font information for U+pzd on input line 63.

(/usr/share/texmf-tetex/tex/latex/psnfss/upzd.fd
File: upzd.fd 2001/06/04 font definitions for U/pzd.
)
LaTeX Font Info:    Try loading font information for U+psy on input line 64.

(/usr/share/texmf-tetex/tex/latex/psnfss/upsy.fd
File: upsy.fd 2001/06/04 font definitions for U/psy.
))
\Fld@listcount=\count93
\@outlinefile=\write3
)
Package: html 1999/07/19 v1.38 hypertext commands for latex2html (nd, hws, rrm)

\c@lpart=\count94
\c@lchapter=\count95
\c@chapter=\count96
\c@lsection=\count97
\c@lsubsection=\count98
\c@lsubsubsection=\count99
\c@lparagraph=\count100
\c@lsubparagraph=\count101
\c@lsubsubparagraph=\count102
\ptrfile=\write4
)
(/usr/share/texmf-tetex/tex/latex/base/makeidx.sty
Package: makeidx 2000/03/29 v1.0m Standard LaTeX package
) (./manual.aux)
\openout1 = `manual.aux'.

LaTeX Font Info:    Checking defaults for OML/cmm/m/it on input line 58.
LaTeX Font Info:    ... okay on input line 58.
LaTeX Font Info:    Checking defaults for T1/cmr/m/n on input line 58.
LaTeX Font Info:    ... okay on input line 58.
LaTeX Font Info:    Checking defaults for OT1/cmr/m/n on input line 58.
LaTeX Font Info:    ... okay on input line 58.
LaTeX Font Info:    Checking defaults for OMS/cmsy/m/n on input line 58.
LaTeX Font Info:    ... okay on input line 58.
LaTeX Font Info:    Checking defaults for OMX/cmex/m/n on input line 58.
LaTeX Font Info:    ... okay on input line 58.
LaTeX Font Info:    Checking defaults for U/cmr/m/n on input line 58.
LaTeX Font Info:    ... okay on input line 58.
LaTeX Font Info:    Checking defaults for TS1/cmr/m/n on input line 58.
LaTeX Font Info:    Try loading font information for TS1+cmr on input line 58.

(/usr/share/texmf-tetex/tex/latex/base/ts1cmr.fd
File: ts1cmr.fd 1999/05/25 v2.5h Standard LaTeX font definitions
)
LaTeX Font Info:    ... okay on input line 58.
LaTeX Font Info:    Checking defaults for PD1/pdf/m/n on input line 58.
LaTeX Font Info:    ... okay on input line 58.
LaTeX Font Info:    Try loading font information for OT1+pbk on input line 58.

(/usr/share/texmf-tetex/tex/latex/psnfss/ot1pbk.fd
File: ot1pbk.fd 2001/06/04 font definitions for OT1/pbk.
)
LaTeX Font Info:    Font shape `OT1/pbk/m/n' in size <10> not available
(Font)              Font shape `OT1/pbk/l/n' tried instead on input line 58.

(/usr/share/texmf-tetex/tex/context/base/supp-pdf.tex
(/usr/share/texmf-tetex/tex/context/base/supp-mis.tex
loading : Context Support Macros / Miscellaneous (2004.10.26)
\protectiondepth=\count103
\scratchcounter=\count104
\scratchtoks=\toks17
\scratchdimen=\dimen106
\scratchskip=\skip43
\scratchmuskip=\muskip11
\scratchbox=\box26
\scratchread=\read1
\scratchwrite=\write5
\zeropoint=\dimen107
\onepoint=\dimen108
\onebasepoint=\dimen109
\minusone=\count105
\thousandpoint=\dimen110
\onerealpoint=\dimen111
\emptytoks=\toks18
\nextbox=\box27
\nextdepth=\dimen112
\everyline=\toks19
\!!counta=\count106
\!!countb=\count107
\recursecounter=\count108
)
loading : Context Support Macros / PDF (2004.03.26)
\nofMPsegments=\count109
\nofMParguments=\count110
\MPscratchCnt=\count111
\MPscratchDim=\dimen113
\MPnumerator=\count112
\everyMPtoPDFconversion=\toks20
)
Package hyperref Info: Link coloring OFF on input line 58.
 (/usr/share/texmf-tetex/tex/latex/hyperref/nameref.sty
Package: nameref 2003/12/03 v2.21 Cross-referencing by name of section
\c@section@level=\count113
)
LaTeX Info: Redefining \ref on input line 58.
LaTeX Info: Redefining \pageref on input line 58.
 (./manual.out)
(./manual.out)
\openout3 = `manual.out'.

LaTeX Font Info:    Font shape `OT1/pbk/m/n' in size <17.28> not available
(Font)              Font shape `OT1/pbk/l/n' tried instead on input line 60.
LaTeX Font Info:    Font shape `OT1/pbk/m/it' in size <17.28> not available
(Font)              Font shape `OT1/pbk/l/it' tried instead on input line 60.
LaTeX Font Info:    Font shape `OT1/pbk/m/n' in size <12> not available
(Font)              Font shape `OT1/pbk/l/n' tried instead on input line 60.
LaTeX Font Info:    External font `cmex10' loaded for size
(Font)              <12> on input line 60.
LaTeX Font Info:    External font `cmex10' loaded for size
(Font)              <8> on input line 60.
LaTeX Font Info:    External font `cmex10' loaded for size
(Font)              <6> on input line 60.
LaTeX Font Info:    Font shape `OT1/pbk/m/n' in size <9> not available
(Font)              Font shape `OT1/pbk/l/n' tried instead on input line 60.
LaTeX Font Info:    Try loading font information for OT1+pcr on input line 60.
 (/usr/share/texmf-tetex/tex/latex/psnfss/ot1pcr.fd
File: ot1pcr.fd 2001/06/04 font definitions for OT1/pcr.
)
LaTeX Font Info:    Font shape `OT1/pbk/m/n' in size <14.4> not available
(Font)              Font shape `OT1/pbk/l/n' tried instead on input line 61.
LaTeX Font Info:    Font shape `OT1/pbk/bx/n' in size <14.4> not available
(Font)              Font shape `OT1/pbk/b/n' tried instead on input line 61.
LaTeX Font Info:    Font shape `OT1/pbk/b/n' in size <14.4> not available
(Font)              Font shape `OT1/pbk/db/n' tried instead on input line 61.
LaTeX Font Info:    Font shape `OT1/pbk/m/it' in size <10> not available
(Font)              Font shape `OT1/pbk/l/it' tried instead on input line 62.
LaTeX Font Info:    External font `cmex10' loaded for size
(Font)              <7> on input line 70.
LaTeX Font Info:    External font `cmex10' loaded for size
(Font)              <5> on input line 70.
LaTeX Font Info:    Font shape `OT1/pbk/m/n' in size <7> not available
(Font)              Font shape `OT1/pbk/l/n' tried instead on input line 70.
LaTeX Font Info:    Font shape `OT1/pbk/m/n' in size <8> not available
(Font)              Font shape `OT1/pbk/l/n' tried instead on input line 71.
LaTeX Font Info:    Font shape `OT1/pbk/m/n' in size <6> not available
(Font)              Font shape `OT1/pbk/l/n' tried instead on input line 71.
LaTeX Font Info:    Font shape `OT1/pbk/m/it' in size <8> not available
(Font)              Font shape `OT1/pbk/l/it' tried instead on input line 71.
 [1

{/var/lib/texmf/fonts/map/pdftex/updmap/pdftex.map}]
LaTeX Font Info:    Font shape `OT1/pbk/bx/n' in size <12> not available
(Font)              Font shape `OT1/pbk/b/n' tried instead on input line 120.
LaTeX Font Info:    Font shape `OT1/pbk/b/n' in size <12> not available
(Font)              Font shape `OT1/pbk/db/n' tried instead on input line 120.
LaTeX Font Info:    Font shape `OT1/pbk/bx/n' in size <10> not available
(Font)              Font shape `OT1/pbk/b/n' tried instead on input line 121.
LaTeX Font Info:    Font shape `OT1/pbk/b/n' in size <10> not available
(Font)              Font shape `OT1/pbk/db/n' tried instead on input line 121.
LaTeX Font Info:    Try loading font information for OMS+pbk on input line 143.


(/usr/share/texmf-tetex/tex/latex/psnfss/omspbk.fd
File: omspbk.fd 
)
LaTeX Font Info:    Font shape `OMS/pbk/m/n' in size <8> not available
(Font)              Font shape `OMS/cmsy/m/n' tried instead on input line 143.
LaTeX Font Info:    Try loading font information for TS1+pbk on input line 150.


(/usr/share/texmf-tetex/tex/latex/psnfss/ts1pbk.fd
File: ts1pbk.fd 2001/06/04 font definitions for TS1/pbk.
)
LaTeX Font Info:    Font shape `TS1/pbk/m/n' in size <10> not available
(Font)              Font shape `TS1/pbk/l/n' tried instead on input line 150.
 [2] [3]

LaTeX Warning: `h' float specifier changed to `ht'.

[4] [5] [6] [7] [8] [9] [10] [11] [12] [13] [14] [15] [16] [17] [18] [19]
LaTeX Font Info:    Font shape `OT1/pbk/bx/it' in size <14.4> not available
(Font)              Font shape `OT1/pbk/b/it' tried instead on input line 892.
LaTeX Font Info:    Font shape `OT1/pbk/b/it' in size <14.4> not available
(Font)              Font shape `OT1/pbk/db/it' tried instead on input line 892.


[20]
Overfull \hbox (36.00803pt too wide) in paragraph at lines 970--973
[]\OT1/pbk/l/it/10 NOTE: This method has been dep-re-cated. Use \OT1/pcr/m/n/10
 INSTALL[]LOCATION[]APP
 []

[21]
LaTeX Font Info:    Font shape `OT1/pbk/bx/it' in size <10> not available
(Font)              Font shape `OT1/pbk/b/it' tried instead on input line 1011.

LaTeX Font Info:    Font shape `OT1/pbk/b/it' in size <10> not available
(Font)              Font shape `OT1/pbk/db/it' tried instead on input line 1011
.
LaTeX Font Info:    Font shape `OT1/pbk/bx/it' in size <12> not available
(Font)              Font shape `OT1/pbk/b/it' tried instead on input line 1021.

LaTeX Font Info:    Font shape `OT1/pbk/b/it' in size <12> not available
(Font)              Font shape `OT1/pbk/db/it' tried instead on input line 1021
.
 [22]
LaTeX Font Info:    Font shape `OT1/pcr/m/it' in size <10> not available
(Font)              Font shape `OT1/pcr/m/sl' tried instead on input line 1062.

 [23] (./manual.aux) ) 
Here is how much of TeX's memory you used:
 3695 strings out of 94500
 51210 string characters out of 1175771
 95885 words of memory out of 1000000
 6690 multiletter control sequences out of 10000+50000
 27107 words of font info for 66 fonts, out of 500000 for 2000
 580 hyphenation exceptions out of 8191
 34i,10n,36p,347b,260s stack positions out of 1500i,500n,5000p,200000b,5000s
PDF statistics:
 564 PDF objects out of 300000
 130 named destinations out of 131072
 761 words of extra memory for PDF output out of 65536
{/usr/share/texmf-tetex/fonts/enc/dvips/psnfss/8r.enc}</u
sr/share/texmf-tetex/fonts/type1/urw/courier/ucrro8a.pfb></usr/share/texmf-tete
x/fonts/type1/urw/bookman/ubkdi8a.pfb></usr/share/texmf-tetex/fonts/type1/blues
ky/cm/cmr10.pfb></usr/share/texmf-tetex/fonts/type1/bluesky/cm/cmsy10.pfb></usr
/share/texmf-tetex/fonts/type1/bluesky/cm/cmmi10.pfb></usr/share/texmf-tetex/fo
nts/type1/bluesky/cm/cmsy8.pfb></usr/share/texmf-tetex/fonts/type1/urw/bookman/
ubkd8a.pfb></usr/share/texmf-tetex/fonts/type1/urw/courier/ucrr8a.pfb></usr/sha
re/texmf-tetex/fonts/type1/bluesky/cm/cmmi12.pfb></usr/share/texmf-tetex/fonts/
type1/urw/bookman/ubkl8a.pfb></usr/share/texmf-tetex/fonts/type1/urw/bookman/ub
kli8a.pfb>
Output written on manual.pdf (23 pages, 201420 bytes).
