M 4 4
      -0.2727         7.468             0             0 
       -0.124       -0.2727             0             0 
            0             0        0.1475         4.993 
            0             0       -0.1959        0.1475 

Vps 4 4 0 6 6 210
   1.0000e-00    0.0000e+00    0.0000e+00    0.0000e+00 1 1 0 0 0 
   0.0000e+00    1.0000e-00    0.0000e+00    0.0000e+00 1 0 1 0 0 
   0.0000e+00    0.0000e+00    1.0000e-00    0.0000e+00 1 0 0 1 0 
   0.0000e+00    0.0000e+00    0.0000e+00    1.0000e-00 1 0 0 0 1 
  -1.2202e+00   -1.0361e+00    0.0000e+00    0.0000e+00 2 2 0 0 0 
   7.7242e+01   -2.4404e+00    0.0000e+00    0.0000e+00 2 1 1 0 0 
   0.0000e+00    0.0000e+00   -5.2446e+00    6.8306e+00 2 1 0 1 0 
   0.0000e+00    0.0000e+00    1.7530e+02   -5.2446e+00 2 1 0 0 1 
   3.1788e+02    3.8621e+01    0.0000e+00    0.0000e+00 2 0 2 0 0 
   0.0000e+00    0.0000e+00    5.1732e+01   -7.2951e+01 2 0 1 1 0 
   0.0000e+00    0.0000e+00   -1.7282e+03    5.1732e+01 2 0 1 0 1 
  -3.6475e+01    3.4153e+00    0.0000e+00    0.0000e+00 2 0 0 2 0 
   5.1732e+01   -5.2446e+00    0.0000e+00    0.0000e+00 2 0 0 1 1 
  -8.6411e+02    8.7649e+01    0.0000e+00    0.0000e+00 2 0 0 0 2 
  -2.5758e+01   -2.9215e+02    0.0000e+00    0.0000e+00 3 3 0 0 0 
  -2.3033e+04   -7.7273e+01    0.0000e+00    0.0000e+00 3 2 1 0 0 
   0.0000e+00    0.0000e+00   -3.5283e+02   -1.2028e+03 3 2 0 1 0 
   0.0000e+00    0.0000e+00   -1.1224e+04   -3.5283e+02 3 2 0 0 1 
   3.6370e+04   -2.3033e+04    0.0000e+00    0.0000e+00 3 1 2 0 0 
   0.0000e+00    0.0000e+00   -3.8551e+04    5.4907e+02 3 1 1 1 0 
   0.0000e+00    0.0000e+00   -1.1757e+05   -3.8551e+04 3 1 1 0 1 
   2.7453e+02   -1.2028e+03    0.0000e+00    0.0000e+00 3 1 0 2 0 
  -3.8551e+04   -7.0567e+02    0.0000e+00    0.0000e+00 3 1 0 1 1 
  -5.8785e+04   -1.1224e+04    0.0000e+00    0.0000e+00 3 1 0 0 2 
  -1.0969e+06    1.2123e+04    0.0000e+00    0.0000e+00 3 0 3 0 0 
   0.0000e+00    0.0000e+00    1.0376e+05   -2.2966e+04 3 0 2 1 0 
   0.0000e+00    0.0000e+00   -1.7777e+06    1.0376e+05 3 0 2 0 1 
  -2.2966e+04    2.7453e+02    0.0000e+00    0.0000e+00 3 0 1 2 0 
   2.0751e+05   -3.8551e+04    0.0000e+00    0.0000e+00 3 0 1 1 1 
  -1.7777e+06   -5.8785e+04    0.0000e+00    0.0000e+00 3 0 1 0 2 
   0.0000e+00    0.0000e+00    4.0438e+01    1.1356e+03 3 0 0 3 0 
   0.0000e+00    0.0000e+00    2.9908e+04    1.2131e+02 3 0 0 2 1 
   0.0000e+00    0.0000e+00    5.4416e+03    2.9908e+04 3 0 0 1 2 
   0.0000e+00    0.0000e+00    7.3856e+05    1.8139e+03 3 0 0 0 3 
   2.2541e+04    1.6082e+04    0.0000e+00    0.0000e+00 4 4 0 0 0 
  -5.4897e+05    9.0165e+04    0.0000e+00    0.0000e+00 4 3 1 0 0 
   0.0000e+00    0.0000e+00   -4.4782e+04    4.5047e+04 4 3 0 1 0 
   0.0000e+00    0.0000e+00    6.7824e+05   -4.4782e+04 4 3 0 0 1 
  -2.5069e+06   -8.2345e+05    0.0000e+00    0.0000e+00 4 2 2 0 0 
   0.0000e+00    0.0000e+00    8.9261e+05   -4.7510e+05 4 2 1 1 0 
   0.0000e+00    0.0000e+00   -3.8005e+06    8.9261e+05 4 2 1 0 1 
  -2.3755e+05    6.7570e+04    0.0000e+00    0.0000e+00 4 2 0 2 0 
   8.9261e+05   -1.3435e+05    0.0000e+00    0.0000e+00 4 2 0 1 1 
  -1.9002e+06    1.0174e+06    0.0000e+00    0.0000e+00 4 2 0 0 2 
  -1.1097e+08   -1.6713e+06    0.0000e+00    0.0000e+00 4 1 3 0 0 
   0.0000e+00    0.0000e+00   -1.0948e+07    2.3988e+06 4 1 2 1 0 
   0.0000e+00    0.0000e+00    4.6936e+07   -1.0948e+07 4 1 2 0 1 
   2.3988e+06   -4.7510e+05    0.0000e+00    0.0000e+00 4 1 1 2 0 
  -2.1895e+07    1.7852e+06    0.0000e+00    0.0000e+00 4 1 1 1 1 
   4.6936e+07   -3.8005e+06    0.0000e+00    0.0000e+00 4 1 1 0 2 
   0.0000e+00    0.0000e+00    1.6614e+05    9.5535e+04 4 1 0 3 0 
   0.0000e+00    0.0000e+00    1.7631e+06    4.9843e+05 4 1 0 2 1 
   0.0000e+00    0.0000e+00    1.2790e+07    1.7631e+06 4 1 0 1 2 
   0.0000e+00    0.0000e+00    2.3688e+07    4.2633e+06 4 1 0 0 3 
  -3.1286e+08   -2.7742e+07    0.0000e+00    0.0000e+00 4 0 4 0 0 
   0.0000e+00    0.0000e+00    5.5678e+07   -1.4440e+07 4 0 3 1 0 
   0.0000e+00    0.0000e+00   -8.0953e+08    5.5678e+07 4 0 3 0 1 
  -2.1659e+07    1.1994e+06    0.0000e+00    0.0000e+00 4 0 2 2 0 
   1.6703e+08   -1.0948e+07    0.0000e+00    0.0000e+00 4 0 2 1 1 
  -1.2143e+09    2.3468e+07    0.0000e+00    0.0000e+00 4 0 2 0 2 
   0.0000e+00    0.0000e+00   -1.3327e+06   -3.7281e+05 4 0 1 3 0 
   0.0000e+00    0.0000e+00   -1.1598e+07   -3.9982e+06 4 0 1 2 1 
   0.0000e+00    0.0000e+00   -1.0955e+08   -1.1598e+07 4 0 1 1 2 
   0.0000e+00    0.0000e+00   -2.7722e+08   -3.6516e+07 4 0 1 0 3 
  -9.3204e+04    2.3884e+04    0.0000e+00    0.0000e+00 4 0 0 4 0 
  -1.3327e+06    1.6614e+05    0.0000e+00    0.0000e+00 4 0 0 3 1 
  -5.7992e+06    8.8155e+05    0.0000e+00    0.0000e+00 4 0 0 2 2 
  -3.6516e+07    4.2633e+06    0.0000e+00    0.0000e+00 4 0 0 1 3 
  -6.9305e+07    5.9219e+06    0.0000e+00    0.0000e+00 4 0 0 0 4 
   3.2829e+06   -1.1660e+06    0.0000e+00    0.0000e+00 5 5 0 0 0 
  -5.2851e+07    1.6415e+07    0.0000e+00    0.0000e+00 5 4 1 0 0 
   0.0000e+00    0.0000e+00    1.5637e+07    7.3028e+05 5 4 0 1 0 
   0.0000e+00    0.0000e+00   -8.1776e+06    1.5637e+07 5 4 0 0 1 
   1.4737e+09   -1.0570e+08    0.0000e+00    0.0000e+00 5 3 2 0 0 
   0.0000e+00    0.0000e+00    6.7244e+07    7.7064e+07 5 3 1 1 0 
   0.0000e+00    0.0000e+00    1.2583e+09    6.7244e+07 5 3 1 0 1 
   3.8532e+07    1.4606e+06    0.0000e+00    0.0000e+00 5 3 0 2 0 
   6.7244e+07    6.2546e+07    0.0000e+00    0.0000e+00 5 3 0 1 1 
   6.2916e+08   -1.6355e+07    0.0000e+00    0.0000e+00 5 3 0 0 2 
  -1.2066e+10    1.4737e+09    0.0000e+00    0.0000e+00 5 2 3 0 0 
   0.0000e+00    0.0000e+00    2.9931e+09   -2.1351e+08 5 2 2 1 0 
   0.0000e+00    0.0000e+00    7.5852e+09    2.9931e+09 5 2 2 0 1 
  -2.1351e+08    1.1560e+08    0.0000e+00    0.0000e+00 5 2 1 2 0 
   5.9862e+09    2.0173e+08    0.0000e+00    0.0000e+00 5 2 1 1 1 
   7.5852e+09    1.8875e+09    0.0000e+00    0.0000e+00 5 2 1 0 2 
   0.0000e+00    0.0000e+00    3.9515e+06   -2.1836e+06 5 2 0 3 0 
   0.0000e+00    0.0000e+00    9.4338e+07    1.1854e+07 5 2 0 2 1 
   0.0000e+00    0.0000e+00   -7.0663e+08    9.4338e+07 5 2 0 1 2 
   0.0000e+00    0.0000e+00    1.6637e+08   -2.3554e+08 5 2 0 0 3 
   4.4217e+10   -6.0331e+09    0.0000e+00    0.0000e+00 5 1 4 0 0 
   0.0000e+00    0.0000e+00   -6.7603e+09    2.4350e+09 5 1 3 1 0 
   0.0000e+00    0.0000e+00    1.1402e+11   -6.7603e+09 5 1 3 0 1 
   3.6524e+09   -2.1351e+08    0.0000e+00    0.0000e+00 5 1 2 2 0 
  -2.0281e+10    5.9862e+09    0.0000e+00    0.0000e+00 5 1 2 1 1 
   1.7104e+11    7.5852e+09    0.0000e+00    0.0000e+00 5 1 2 0 2 
   0.0000e+00    0.0000e+00   -2.5988e+08   -4.2085e+07 5 1 1 3 0 
   0.0000e+00    0.0000e+00   -5.7911e+08   -7.7963e+08 5 1 1 2 1 
   0.0000e+00    0.0000e+00   -6.0231e+09   -5.7911e+08 5 1 1 1 2 
   0.0000e+00    0.0000e+00   -1.4329e+10   -2.0077e+09 5 1 1 0 3 
  -1.0521e+07   -1.0918e+06    0.0000e+00    0.0000e+00 5 1 0 4 0 
  -2.5988e+08    7.9029e+06    0.0000e+00    0.0000e+00 5 1 0 3 1 
  -2.8955e+08    9.4338e+07    0.0000e+00    0.0000e+00 5 1 0 2 2 
  -2.0077e+09   -4.7109e+08    0.0000e+00    0.0000e+00 5 1 0 1 3 
  -3.5822e+09    8.3185e+07    0.0000e+00    0.0000e+00 5 1 0 0 4 
  -2.9215e+11    8.8434e+09    0.0000e+00    0.0000e+00 5 0 5 0 0 
   0.0000e+00    0.0000e+00    5.8670e+10   -5.9502e+09 5 0 4 1 0 
   0.0000e+00    0.0000e+00   -1.4381e+11    5.8670e+10 5 0 4 0 1 
  -1.1900e+10    1.2175e+09    0.0000e+00    0.0000e+00 5 0 3 2 0 
   2.3468e+11   -6.7603e+09    0.0000e+00    0.0000e+00 5 0 3 1 1 
  -2.8761e+11    5.7012e+10    0.0000e+00    0.0000e+00 5 0 3 0 2 
   0.0000e+00    0.0000e+00   -4.0112e+08    2.3499e+08 5 0 2 3 0 
   0.0000e+00    0.0000e+00    6.9088e+09   -1.2034e+09 5 0 2 2 1 
   0.0000e+00    0.0000e+00    6.3680e+09    6.9088e+09 5 0 2 1 2 
   0.0000e+00    0.0000e+00    3.9233e+11    2.1227e+09 5 0 2 0 3 
   1.1749e+08   -1.0521e+07    0.0000e+00    0.0000e+00 5 0 1 4 0 
  -8.0225e+08   -2.5988e+08    0.0000e+00    0.0000e+00 5 0 1 3 1 
   6.9088e+09   -2.8955e+08    0.0000e+00    0.0000e+00 5 0 1 2 2 
   4.2453e+09   -2.0077e+09    0.0000e+00    0.0000e+00 5 0 1 1 3 
   1.9617e+11   -3.5822e+09    0.0000e+00    0.0000e+00 5 0 1 0 4 
   0.0000e+00    0.0000e+00    1.8043e+07   -2.5948e+06 5 0 0 5 0 
   0.0000e+00    0.0000e+00   -1.3807e+07    9.0216e+07 5 0 0 4 1 
   0.0000e+00    0.0000e+00    2.8529e+09   -2.7615e+07 5 0 0 3 2 
   0.0000e+00    0.0000e+00   -3.2004e+08    2.8529e+09 5 0 0 2 3 
   0.0000e+00    0.0000e+00    6.2256e+10   -1.6002e+08 5 0 0 1 4 
   0.0000e+00    0.0000e+00   -2.8967e+10    1.2451e+10 5 0 0 0 5 
  -4.4066e+07    1.3003e+07    0.0000e+00    0.0000e+00 6 6 0 0 0 
  -2.4528e+09   -2.6439e+08    0.0000e+00    0.0000e+00 6 5 1 0 0 
   0.0000e+00    0.0000e+00   -1.1537e+09    1.1562e+08 6 5 0 1 0 
   0.0000e+00    0.0000e+00    8.1854e+08   -1.1537e+09 6 5 0 0 1 
   8.8789e+10   -6.1319e+09    0.0000e+00    0.0000e+00 6 4 2 0 0 
   0.0000e+00    0.0000e+00    5.9719e+09   -3.0353e+09 6 4 1 1 0 
   0.0000e+00    0.0000e+00   -1.1232e+11    5.9719e+09 6 4 1 0 1 
  -1.5177e+09    2.8904e+08    0.0000e+00    0.0000e+00 6 4 0 2 0 
   5.9719e+09   -5.7687e+09    0.0000e+00    0.0000e+00 6 4 0 1 1 
  -5.6162e+10    2.0463e+09    0.0000e+00    0.0000e+00 6 4 0 0 2 
  -4.5193e+11    1.1839e+11    0.0000e+00    0.0000e+00 6 3 3 0 0 
   0.0000e+00    0.0000e+00   -7.0856e+10    6.4865e+10 6 3 2 1 0 
   0.0000e+00    0.0000e+00    5.5438e+11   -7.0856e+10 6 3 2 0 1 
   6.4865e+10   -6.0706e+09    0.0000e+00    0.0000e+00 6 3 1 2 0 
  -1.4171e+11    2.3888e+10    0.0000e+00    0.0000e+00 6 3 1 1 1 
   5.5438e+11   -2.2465e+11    0.0000e+00    0.0000e+00 6 3 1 0 2 
   0.0000e+00    0.0000e+00   -1.7289e+09   -1.5293e+08 6 3 0 3 0 
   0.0000e+00    0.0000e+00   -2.0749e+10   -5.1868e+09 6 3 0 2 1 
   0.0000e+00    0.0000e+00   -7.3563e+10   -2.0749e+10 6 3 0 1 2 
   0.0000e+00    0.0000e+00   -5.7124e+10   -2.4521e+10 6 3 0 0 3 
   9.3405e+12   -3.3894e+11    0.0000e+00    0.0000e+00 6 2 4 0 0 
   0.0000e+00    0.0000e+00    1.8737e+12   -2.1537e+11 6 2 3 1 0 
   0.0000e+00    0.0000e+00   -3.9938e+12    1.8737e+12 6 2 3 0 1 
  -3.2305e+11    9.7298e+10    0.0000e+00    0.0000e+00 6 2 2 2 0 
   5.6210e+12   -2.1257e+11    0.0000e+00    0.0000e+00 6 2 2 1 1 
  -5.9907e+12    8.3157e+11    0.0000e+00    0.0000e+00 6 2 2 0 2 
   0.0000e+00    0.0000e+00    9.1038e+09   -5.9232e+09 6 2 1 3 0 
   0.0000e+00    0.0000e+00   -1.7344e+11    2.7311e+10 6 2 1 2 1 
   0.0000e+00    0.0000e+00   -1.1484e+12   -1.7344e+11 6 2 1 1 2 
   0.0000e+00    0.0000e+00   -6.0130e+12   -3.8280e+11 6 2 1 0 3 
  -1.4808e+09   -1.1470e+08    0.0000e+00    0.0000e+00 6 2 0 4 0 
   9.1038e+09   -5.1868e+09    0.0000e+00    0.0000e+00 6 2 0 3 1 
  -8.6721e+10   -3.1124e+10    0.0000e+00    0.0000e+00 6 2 0 2 2 
  -3.8280e+11   -7.3563e+10    0.0000e+00    0.0000e+00 6 2 0 1 3 
  -1.5033e+12   -4.2843e+10    0.0000e+00    0.0000e+00 6 2 0 0 4 
  -9.5763e+12    3.7362e+12    0.0000e+00    0.0000e+00 6 1 5 0 0 
   0.0000e+00    0.0000e+00   -3.0664e+12    2.2966e+12 6 1 4 1 0 
   0.0000e+00    0.0000e+00    8.8558e+13   -3.0664e+12 6 1 4 0 1 
   4.5931e+12   -2.1537e+11    0.0000e+00    0.0000e+00 6 1 3 2 0 
  -1.2266e+13    3.7473e+12    0.0000e+00    0.0000e+00 6 1 3 1 1 
   1.7712e+14   -3.9938e+12    0.0000e+00    0.0000e+00 6 1 3 0 2 
   0.0000e+00    0.0000e+00    6.5759e+10    7.1689e+10 6 1 2 3 0 
   0.0000e+00    0.0000e+00    3.6935e+12    1.9728e+11 6 1 2 2 1 
   0.0000e+00    0.0000e+00    1.2584e+13    3.6935e+12 6 1 2 1 2 
   0.0000e+00    0.0000e+00    2.9560e+13    4.1948e+12 6 1 2 0 3 
   3.5845e+10   -2.9616e+09    0.0000e+00    0.0000e+00 6 1 1 4 0 
   1.3152e+11    1.8208e+10    0.0000e+00    0.0000e+00 6 1 1 3 1 
   3.6935e+12   -1.7344e+11    0.0000e+00    0.0000e+00 6 1 1 2 2 
   8.3896e+12   -7.6559e+11    0.0000e+00    0.0000e+00 6 1 1 1 3 
   1.4780e+13   -3.0065e+12    0.0000e+00    0.0000e+00 6 1 1 0 4 
   0.0000e+00    0.0000e+00    1.6330e+09    7.8289e+08 6 1 0 5 0 
   0.0000e+00    0.0000e+00    4.3879e+10    8.1650e+09 6 1 0 4 1 
   0.0000e+00    0.0000e+00    2.7158e+11    8.7758e+10 6 1 0 3 2 
   0.0000e+00    0.0000e+00    2.3348e+12    2.7158e+11 6 1 0 2 3 
   0.0000e+00    0.0000e+00    5.2053e+12    1.1674e+12 6 1 0 1 4 
   0.0000e+00    0.0000e+00    1.5070e+13    1.0411e+12 6 1 0 0 5 
   5.2818e+13   -1.5961e+12    0.0000e+00    0.0000e+00 6 0 6 0 0 
   0.0000e+00    0.0000e+00    3.5319e+13   -4.9950e+12 6 0 5 1 0 
   0.0000e+00    0.0000e+00   -1.1735e+14    3.5319e+13 6 0 5 0 1 
  -1.2488e+13    1.1483e+12    0.0000e+00    0.0000e+00 6 0 4 2 0 
   1.7659e+14   -3.0664e+12    0.0000e+00    0.0000e+00 6 0 4 1 1 
  -2.9339e+14    4.4279e+13    0.0000e+00    0.0000e+00 6 0 4 0 2 
   0.0000e+00    0.0000e+00   -2.6185e+11   -7.5488e+10 6 0 3 3 0 
   0.0000e+00    0.0000e+00    4.3567e+12   -7.8555e+11 6 0 3 2 1 
   0.0000e+00    0.0000e+00    1.4756e+13    4.3567e+12 6 0 3 1 2 
   0.0000e+00    0.0000e+00    2.9173e+14    4.9185e+12 6 0 3 0 3 
  -5.6616e+10    1.7922e+10    0.0000e+00    0.0000e+00 6 0 2 4 0 
  -7.8555e+11    6.5759e+10    0.0000e+00    0.0000e+00 6 0 2 3 1 
   6.5350e+12    1.8468e+12    0.0000e+00    0.0000e+00 6 0 2 2 2 
   1.4756e+13    4.1948e+12    0.0000e+00    0.0000e+00 6 0 2 1 3 
   2.1880e+14    7.3900e+12    0.0000e+00    0.0000e+00 6 0 2 0 4 
   0.0000e+00    0.0000e+00   -1.0094e+10   -6.8745e+09 6 0 1 5 0 
   0.0000e+00    0.0000e+00   -4.0636e+11   -5.0470e+10 6 0 1 4 1 
   0.0000e+00    0.0000e+00   -1.9111e+12   -8.1271e+11 6 0 1 3 2 
   0.0000e+00    0.0000e+00   -2.0145e+13   -1.9111e+12 6 0 1 2 3 
   0.0000e+00    0.0000e+00   -3.8451e+13   -1.0073e+13 6 0 1 1 4 
   0.0000e+00    0.0000e+00   -8.7303e+13   -7.6903e+12 6 0 1 0 5 
  -1.1458e+09    1.3048e+08    0.0000e+00    0.0000e+00 6 0 0 6 0 
  -1.0094e+10    1.6330e+09    0.0000e+00    0.0000e+00 6 0 0 5 1 
  -2.0318e+11    2.1940e+10    0.0000e+00    0.0000e+00 6 0 0 4 2 
  -6.3702e+11    9.0528e+10    0.0000e+00    0.0000e+00 6 0 0 3 3 
  -5.0364e+12    5.8370e+11    0.0000e+00    0.0000e+00 6 0 0 2 4 
  -7.6903e+12    1.0411e+12    0.0000e+00    0.0000e+00 6 0 0 1 5 
  -1.4550e+13    2.5117e+12    0.0000e+00    0.0000e+00 6 0 0 0 6 
  0.0000e+00   0.0000e+00   0.0000e+00   0.0000e+00 -1 -1 -1 -1 -1 -1 -1 

Vps 4 4 0 6 6 210
   1.0000e-00    0.0000e+00    0.0000e+00    0.0000e+00 1 1 0 0 0 
   0.0000e+00    1.0000e-00    0.0000e+00    0.0000e+00 1 0 1 0 0 
   0.0000e+00    0.0000e+00    1.0000e-00    0.0000e+00 1 0 0 1 0 
   0.0000e+00    0.0000e+00    0.0000e+00    1.0000e-00 1 0 0 0 1 
  -1.2202e+00    0.0000e+00   -1.0361e+00    0.0000e+00 2 2 0 0 0 
   0.0000e+00   -5.2446e+00    0.0000e+00    6.8306e+00 2 1 1 0 0 
   7.7242e+01    0.0000e+00   -2.4404e+00    0.0000e+00 2 1 0 1 0 
   0.0000e+00    1.7530e+02    0.0000e+00   -5.2446e+00 2 1 0 0 1 
  -3.6475e+01    0.0000e+00    3.4153e+00    0.0000e+00 2 0 2 0 0 
   0.0000e+00    5.1732e+01    0.0000e+00   -7.2951e+01 2 0 1 1 0 
   5.1732e+01    0.0000e+00   -5.2446e+00    0.0000e+00 2 0 1 0 1 
   3.1788e+02    0.0000e+00    3.8621e+01    0.0000e+00 2 0 0 2 0 
   0.0000e+00   -1.7282e+03    0.0000e+00    5.1732e+01 2 0 0 1 1 
  -8.6411e+02    0.0000e+00    8.7649e+01    0.0000e+00 2 0 0 0 2 
  -2.5758e+01    0.0000e+00   -2.9215e+02    0.0000e+00 3 3 0 0 0 
   0.0000e+00   -3.5283e+02    0.0000e+00   -1.2028e+03 3 2 1 0 0 
  -2.3033e+04    0.0000e+00   -7.7273e+01    0.0000e+00 3 2 0 1 0 
   0.0000e+00   -1.1224e+04    0.0000e+00   -3.5283e+02 3 2 0 0 1 
   2.7453e+02    0.0000e+00   -1.2028e+03    0.0000e+00 3 1 2 0 0 
   0.0000e+00   -3.8551e+04    0.0000e+00    5.4907e+02 3 1 1 1 0 
  -3.8551e+04    0.0000e+00   -7.0567e+02    0.0000e+00 3 1 1 0 1 
   3.6370e+04    0.0000e+00   -2.3033e+04    0.0000e+00 3 1 0 2 0 
   0.0000e+00   -1.1757e+05    0.0000e+00   -3.8551e+04 3 1 0 1 1 
  -5.8785e+04    0.0000e+00   -1.1224e+04    0.0000e+00 3 1 0 0 2 
   0.0000e+00    4.0438e+01    0.0000e+00    1.1356e+03 3 0 3 0 0 
  -2.2966e+04    0.0000e+00    2.7453e+02    0.0000e+00 3 0 2 1 0 
   0.0000e+00    2.9908e+04    0.0000e+00    1.2131e+02 3 0 2 0 1 
   0.0000e+00    1.0376e+05    0.0000e+00   -2.2966e+04 3 0 1 2 0 
   2.0751e+05    0.0000e+00   -3.8551e+04    0.0000e+00 3 0 1 1 1 
   0.0000e+00    5.4416e+03    0.0000e+00    2.9908e+04 3 0 1 0 2 
  -1.0969e+06    0.0000e+00    1.2123e+04    0.0000e+00 3 0 0 3 0 
   0.0000e+00   -1.7777e+06    0.0000e+00    1.0376e+05 3 0 0 2 1 
  -1.7777e+06    0.0000e+00   -5.8785e+04    0.0000e+00 3 0 0 1 2 
   0.0000e+00    7.3856e+05    0.0000e+00    1.8139e+03 3 0 0 0 3 
   2.2541e+04    0.0000e+00    1.6082e+04    0.0000e+00 4 4 0 0 0 
   0.0000e+00   -4.4782e+04    0.0000e+00    4.5047e+04 4 3 1 0 0 
  -5.4897e+05    0.0000e+00    9.0165e+04    0.0000e+00 4 3 0 1 0 
   0.0000e+00    6.7824e+05    0.0000e+00   -4.4782e+04 4 3 0 0 1 
  -2.3755e+05    0.0000e+00    6.7570e+04    0.0000e+00 4 2 2 0 0 
   0.0000e+00    8.9261e+05    0.0000e+00   -4.7510e+05 4 2 1 1 0 
   8.9261e+05    0.0000e+00   -1.3435e+05    0.0000e+00 4 2 1 0 1 
  -2.5069e+06    0.0000e+00   -8.2345e+05    0.0000e+00 4 2 0 2 0 
   0.0000e+00   -3.8005e+06    0.0000e+00    8.9261e+05 4 2 0 1 1 
  -1.9002e+06    0.0000e+00    1.0174e+06    0.0000e+00 4 2 0 0 2 
   0.0000e+00    1.6614e+05    0.0000e+00    9.5535e+04 4 1 3 0 0 
   2.3988e+06    0.0000e+00   -4.7510e+05    0.0000e+00 4 1 2 1 0 
   0.0000e+00    1.7631e+06    0.0000e+00    4.9843e+05 4 1 2 0 1 
   0.0000e+00   -1.0948e+07    0.0000e+00    2.3988e+06 4 1 1 2 0 
  -2.1895e+07    0.0000e+00    1.7852e+06    0.0000e+00 4 1 1 1 1 
   0.0000e+00    1.2790e+07    0.0000e+00    1.7631e+06 4 1 1 0 2 
  -1.1097e+08    0.0000e+00   -1.6713e+06    0.0000e+00 4 1 0 3 0 
   0.0000e+00    4.6936e+07    0.0000e+00   -1.0948e+07 4 1 0 2 1 
   4.6936e+07    0.0000e+00   -3.8005e+06    0.0000e+00 4 1 0 1 2 
   0.0000e+00    2.3688e+07    0.0000e+00    4.2633e+06 4 1 0 0 3 
  -9.3204e+04    0.0000e+00    2.3884e+04    0.0000e+00 4 0 4 0 0 
   0.0000e+00   -1.3327e+06    0.0000e+00   -3.7281e+05 4 0 3 1 0 
  -1.3327e+06    0.0000e+00    1.6614e+05    0.0000e+00 4 0 3 0 1 
  -2.1659e+07    0.0000e+00    1.1994e+06    0.0000e+00 4 0 2 2 0 
   0.0000e+00   -1.1598e+07    0.0000e+00   -3.9982e+06 4 0 2 1 1 
  -5.7992e+06    0.0000e+00    8.8155e+05    0.0000e+00 4 0 2 0 2 
   0.0000e+00    5.5678e+07    0.0000e+00   -1.4440e+07 4 0 1 3 0 
   1.6703e+08    0.0000e+00   -1.0948e+07    0.0000e+00 4 0 1 2 1 
   0.0000e+00   -1.0955e+08    0.0000e+00   -1.1598e+07 4 0 1 1 2 
  -3.6516e+07    0.0000e+00    4.2633e+06    0.0000e+00 4 0 1 0 3 
  -3.1286e+08    0.0000e+00   -2.7742e+07    0.0000e+00 4 0 0 4 0 
   0.0000e+00   -8.0953e+08    0.0000e+00    5.5678e+07 4 0 0 3 1 
  -1.2143e+09    0.0000e+00    2.3468e+07    0.0000e+00 4 0 0 2 2 
   0.0000e+00   -2.7722e+08    0.0000e+00   -3.6516e+07 4 0 0 1 3 
  -6.9305e+07    0.0000e+00    5.9219e+06    0.0000e+00 4 0 0 0 4 
   3.2829e+06    0.0000e+00   -1.1660e+06    0.0000e+00 5 5 0 0 0 
   0.0000e+00    1.5637e+07    0.0000e+00    7.3028e+05 5 4 1 0 0 
  -5.2851e+07    0.0000e+00    1.6415e+07    0.0000e+00 5 4 0 1 0 
   0.0000e+00   -8.1776e+06    0.0000e+00    1.5637e+07 5 4 0 0 1 
   3.8532e+07    0.0000e+00    1.4606e+06    0.0000e+00 5 3 2 0 0 
   0.0000e+00    6.7244e+07    0.0000e+00    7.7064e+07 5 3 1 1 0 
   6.7244e+07    0.0000e+00    6.2546e+07    0.0000e+00 5 3 1 0 1 
   1.4737e+09    0.0000e+00   -1.0570e+08    0.0000e+00 5 3 0 2 0 
   0.0000e+00    1.2583e+09    0.0000e+00    6.7244e+07 5 3 0 1 1 
   6.2916e+08    0.0000e+00   -1.6355e+07    0.0000e+00 5 3 0 0 2 
   0.0000e+00    3.9515e+06    0.0000e+00   -2.1836e+06 5 2 3 0 0 
  -2.1351e+08    0.0000e+00    1.1560e+08    0.0000e+00 5 2 2 1 0 
   0.0000e+00    9.4338e+07    0.0000e+00    1.1854e+07 5 2 2 0 1 
   0.0000e+00    2.9931e+09    0.0000e+00   -2.1351e+08 5 2 1 2 0 
   5.9862e+09    0.0000e+00    2.0173e+08    0.0000e+00 5 2 1 1 1 
   0.0000e+00   -7.0663e+08    0.0000e+00    9.4338e+07 5 2 1 0 2 
  -1.2066e+10    0.0000e+00    1.4737e+09    0.0000e+00 5 2 0 3 0 
   0.0000e+00    7.5852e+09    0.0000e+00    2.9931e+09 5 2 0 2 1 
   7.5852e+09    0.0000e+00    1.8875e+09    0.0000e+00 5 2 0 1 2 
   0.0000e+00    1.6637e+08    0.0000e+00   -2.3554e+08 5 2 0 0 3 
  -1.0521e+07    0.0000e+00   -1.0918e+06    0.0000e+00 5 1 4 0 0 
   0.0000e+00   -2.5988e+08    0.0000e+00   -4.2085e+07 5 1 3 1 0 
  -2.5988e+08    0.0000e+00    7.9029e+06    0.0000e+00 5 1 3 0 1 
   3.6524e+09    0.0000e+00   -2.1351e+08    0.0000e+00 5 1 2 2 0 
   0.0000e+00   -5.7911e+08    0.0000e+00   -7.7963e+08 5 1 2 1 1 
  -2.8955e+08    0.0000e+00    9.4338e+07    0.0000e+00 5 1 2 0 2 
   0.0000e+00   -6.7603e+09    0.0000e+00    2.4350e+09 5 1 1 3 0 
  -2.0281e+10    0.0000e+00    5.9862e+09    0.0000e+00 5 1 1 2 1 
   0.0000e+00   -6.0231e+09    0.0000e+00   -5.7911e+08 5 1 1 1 2 
  -2.0077e+09    0.0000e+00   -4.7109e+08    0.0000e+00 5 1 1 0 3 
   4.4217e+10    0.0000e+00   -6.0331e+09    0.0000e+00 5 1 0 4 0 
   0.0000e+00    1.1402e+11    0.0000e+00   -6.7603e+09 5 1 0 3 1 
   1.7104e+11    0.0000e+00    7.5852e+09    0.0000e+00 5 1 0 2 2 
   0.0000e+00   -1.4329e+10    0.0000e+00   -2.0077e+09 5 1 0 1 3 
  -3.5822e+09    0.0000e+00    8.3185e+07    0.0000e+00 5 1 0 0 4 
   0.0000e+00    1.8043e+07    0.0000e+00   -2.5948e+06 5 0 5 0 0 
   1.1749e+08    0.0000e+00   -1.0521e+07    0.0000e+00 5 0 4 1 0 
   0.0000e+00   -1.3807e+07    0.0000e+00    9.0216e+07 5 0 4 0 1 
   0.0000e+00   -4.0112e+08    0.0000e+00    2.3499e+08 5 0 3 2 0 
  -8.0225e+08    0.0000e+00   -2.5988e+08    0.0000e+00 5 0 3 1 1 
   0.0000e+00    2.8529e+09    0.0000e+00   -2.7615e+07 5 0 3 0 2 
  -1.1900e+10    0.0000e+00    1.2175e+09    0.0000e+00 5 0 2 3 0 
   0.0000e+00    6.9088e+09    0.0000e+00   -1.2034e+09 5 0 2 2 1 
   6.9088e+09    0.0000e+00   -2.8955e+08    0.0000e+00 5 0 2 1 2 
   0.0000e+00   -3.2004e+08    0.0000e+00    2.8529e+09 5 0 2 0 3 
   0.0000e+00    5.8670e+10    0.0000e+00   -5.9502e+09 5 0 1 4 0 
   2.3468e+11    0.0000e+00   -6.7603e+09    0.0000e+00 5 0 1 3 1 
   0.0000e+00    6.3680e+09    0.0000e+00    6.9088e+09 5 0 1 2 2 
   4.2453e+09    0.0000e+00   -2.0077e+09    0.0000e+00 5 0 1 1 3 
   0.0000e+00    6.2256e+10    0.0000e+00   -1.6002e+08 5 0 1 0 4 
  -2.9215e+11    0.0000e+00    8.8434e+09    0.0000e+00 5 0 0 5 0 
   0.0000e+00   -1.4381e+11    0.0000e+00    5.8670e+10 5 0 0 4 1 
  -2.8761e+11    0.0000e+00    5.7012e+10    0.0000e+00 5 0 0 3 2 
   0.0000e+00    3.9233e+11    0.0000e+00    2.1227e+09 5 0 0 2 3 
   1.9617e+11    0.0000e+00   -3.5822e+09    0.0000e+00 5 0 0 1 4 
   0.0000e+00   -2.8967e+10    0.0000e+00    1.2451e+10 5 0 0 0 5 
  -4.4066e+07    0.0000e+00    1.3003e+07    0.0000e+00 6 6 0 0 0 
   0.0000e+00   -1.1537e+09    0.0000e+00    1.1562e+08 6 5 1 0 0 
  -2.4528e+09    0.0000e+00   -2.6439e+08    0.0000e+00 6 5 0 1 0 
   0.0000e+00    8.1854e+08    0.0000e+00   -1.1537e+09 6 5 0 0 1 
  -1.5177e+09    0.0000e+00    2.8904e+08    0.0000e+00 6 4 2 0 0 
   0.0000e+00    5.9719e+09    0.0000e+00   -3.0353e+09 6 4 1 1 0 
   5.9719e+09    0.0000e+00   -5.7687e+09    0.0000e+00 6 4 1 0 1 
   8.8789e+10    0.0000e+00   -6.1319e+09    0.0000e+00 6 4 0 2 0 
   0.0000e+00   -1.1232e+11    0.0000e+00    5.9719e+09 6 4 0 1 1 
  -5.6162e+10    0.0000e+00    2.0463e+09    0.0000e+00 6 4 0 0 2 
   0.0000e+00   -1.7289e+09    0.0000e+00   -1.5293e+08 6 3 3 0 0 
   6.4865e+10    0.0000e+00   -6.0706e+09    0.0000e+00 6 3 2 1 0 
   0.0000e+00   -2.0749e+10    0.0000e+00   -5.1868e+09 6 3 2 0 1 
   0.0000e+00   -7.0856e+10    0.0000e+00    6.4865e+10 6 3 1 2 0 
  -1.4171e+11    0.0000e+00    2.3888e+10    0.0000e+00 6 3 1 1 1 
   0.0000e+00   -7.3563e+10    0.0000e+00   -2.0749e+10 6 3 1 0 2 
  -4.5193e+11    0.0000e+00    1.1839e+11    0.0000e+00 6 3 0 3 0 
   0.0000e+00    5.5438e+11    0.0000e+00   -7.0856e+10 6 3 0 2 1 
   5.5438e+11    0.0000e+00   -2.2465e+11    0.0000e+00 6 3 0 1 2 
   0.0000e+00   -5.7124e+10    0.0000e+00   -2.4521e+10 6 3 0 0 3 
  -1.4808e+09    0.0000e+00   -1.1470e+08    0.0000e+00 6 2 4 0 0 
   0.0000e+00    9.1038e+09    0.0000e+00   -5.9232e+09 6 2 3 1 0 
   9.1038e+09    0.0000e+00   -5.1868e+09    0.0000e+00 6 2 3 0 1 
  -3.2305e+11    0.0000e+00    9.7298e+10    0.0000e+00 6 2 2 2 0 
   0.0000e+00   -1.7344e+11    0.0000e+00    2.7311e+10 6 2 2 1 1 
  -8.6721e+10    0.0000e+00   -3.1124e+10    0.0000e+00 6 2 2 0 2 
   0.0000e+00    1.8737e+12    0.0000e+00   -2.1537e+11 6 2 1 3 0 
   5.6210e+12    0.0000e+00   -2.1257e+11    0.0000e+00 6 2 1 2 1 
   0.0000e+00   -1.1484e+12    0.0000e+00   -1.7344e+11 6 2 1 1 2 
  -3.8280e+11    0.0000e+00   -7.3563e+10    0.0000e+00 6 2 1 0 3 
   9.3405e+12    0.0000e+00   -3.3894e+11    0.0000e+00 6 2 0 4 0 
   0.0000e+00   -3.9938e+12    0.0000e+00    1.8737e+12 6 2 0 3 1 
  -5.9907e+12    0.0000e+00    8.3157e+11    0.0000e+00 6 2 0 2 2 
   0.0000e+00   -6.0130e+12    0.0000e+00   -3.8280e+11 6 2 0 1 3 
  -1.5033e+12    0.0000e+00   -4.2843e+10    0.0000e+00 6 2 0 0 4 
   0.0000e+00    1.6330e+09    0.0000e+00    7.8289e+08 6 1 5 0 0 
   3.5845e+10    0.0000e+00   -2.9616e+09    0.0000e+00 6 1 4 1 0 
   0.0000e+00    4.3879e+10    0.0000e+00    8.1650e+09 6 1 4 0 1 
   0.0000e+00    6.5759e+10    0.0000e+00    7.1689e+10 6 1 3 2 0 
   1.3152e+11    0.0000e+00    1.8208e+10    0.0000e+00 6 1 3 1 1 
   0.0000e+00    2.7158e+11    0.0000e+00    8.7758e+10 6 1 3 0 2 
   4.5931e+12    0.0000e+00   -2.1537e+11    0.0000e+00 6 1 2 3 0 
   0.0000e+00    3.6935e+12    0.0000e+00    1.9728e+11 6 1 2 2 1 
   3.6935e+12    0.0000e+00   -1.7344e+11    0.0000e+00 6 1 2 1 2 
   0.0000e+00    2.3348e+12    0.0000e+00    2.7158e+11 6 1 2 0 3 
   0.0000e+00   -3.0664e+12    0.0000e+00    2.2966e+12 6 1 1 4 0 
  -1.2266e+13    0.0000e+00    3.7473e+12    0.0000e+00 6 1 1 3 1 
   0.0000e+00    1.2584e+13    0.0000e+00    3.6935e+12 6 1 1 2 2 
   8.3896e+12    0.0000e+00   -7.6559e+11    0.0000e+00 6 1 1 1 3 
   0.0000e+00    5.2053e+12    0.0000e+00    1.1674e+12 6 1 1 0 4 
  -9.5763e+12    0.0000e+00    3.7362e+12    0.0000e+00 6 1 0 5 0 
   0.0000e+00    8.8558e+13    0.0000e+00   -3.0664e+12 6 1 0 4 1 
   1.7712e+14    0.0000e+00   -3.9938e+12    0.0000e+00 6 1 0 3 2 
   0.0000e+00    2.9560e+13    0.0000e+00    4.1948e+12 6 1 0 2 3 
   1.4780e+13    0.0000e+00   -3.0065e+12    0.0000e+00 6 1 0 1 4 
   0.0000e+00    1.5070e+13    0.0000e+00    1.0411e+12 6 1 0 0 5 
  -1.1458e+09    0.0000e+00    1.3048e+08    0.0000e+00 6 0 6 0 0 
   0.0000e+00   -1.0094e+10    0.0000e+00   -6.8745e+09 6 0 5 1 0 
  -1.0094e+10    0.0000e+00    1.6330e+09    0.0000e+00 6 0 5 0 1 
  -5.6616e+10    0.0000e+00    1.7922e+10    0.0000e+00 6 0 4 2 0 
   0.0000e+00   -4.0636e+11    0.0000e+00   -5.0470e+10 6 0 4 1 1 
  -2.0318e+11    0.0000e+00    2.1940e+10    0.0000e+00 6 0 4 0 2 
   0.0000e+00   -2.6185e+11    0.0000e+00   -7.5488e+10 6 0 3 3 0 
  -7.8555e+11    0.0000e+00    6.5759e+10    0.0000e+00 6 0 3 2 1 
   0.0000e+00   -1.9111e+12    0.0000e+00   -8.1271e+11 6 0 3 1 2 
  -6.3702e+11    0.0000e+00    9.0528e+10    0.0000e+00 6 0 3 0 3 
  -1.2488e+13    0.0000e+00    1.1483e+12    0.0000e+00 6 0 2 4 0 
   0.0000e+00    4.3567e+12    0.0000e+00   -7.8555e+11 6 0 2 3 1 
   6.5350e+12    0.0000e+00    1.8468e+12    0.0000e+00 6 0 2 2 2 
   0.0000e+00   -2.0145e+13    0.0000e+00   -1.9111e+12 6 0 2 1 3 
  -5.0364e+12    0.0000e+00    5.8370e+11    0.0000e+00 6 0 2 0 4 
   0.0000e+00    3.5319e+13    0.0000e+00   -4.9950e+12 6 0 1 5 0 
   1.7659e+14    0.0000e+00   -3.0664e+12    0.0000e+00 6 0 1 4 1 
   0.0000e+00    1.4756e+13    0.0000e+00    4.3567e+12 6 0 1 3 2 
   1.4756e+13    0.0000e+00    4.1948e+12    0.0000e+00 6 0 1 2 3 
   0.0000e+00   -3.8451e+13    0.0000e+00   -1.0073e+13 6 0 1 1 4 
  -7.6903e+12    0.0000e+00    1.0411e+12    0.0000e+00 6 0 1 0 5 
   5.2818e+13    0.0000e+00   -1.5961e+12    0.0000e+00 6 0 0 6 0 
   0.0000e+00   -1.1735e+14    0.0000e+00    3.5319e+13 6 0 0 5 1 
  -2.9339e+14    0.0000e+00    4.4279e+13    0.0000e+00 6 0 0 4 2 
   0.0000e+00    2.9173e+14    0.0000e+00    4.9185e+12 6 0 0 3 3 
   2.1880e+14    0.0000e+00    7.3900e+12    0.0000e+00 6 0 0 2 4 
   0.0000e+00   -8.7303e+13    0.0000e+00   -7.6903e+12 6 0 0 1 5 
  -1.4550e+13    0.0000e+00    2.5117e+12    0.0000e+00 6 0 0 0 6 
  0.0000e+00   0.0000e+00   0.0000e+00   0.0000e+00 -1 -1 -1 -1 -1 -1 -1 

